0 info it worked if it ends with ok
1 verbose cli [ '/usr/local/bin/node',
1 verbose cli   '/usr/local/bin/npm',
1 verbose cli   'install',
1 verbose cli   'immutable',
1 verbose cli   '-S' ]
2 info using npm@3.8.6
3 info using node@v6.1.0
4 silly loadCurrentTree Starting
5 silly install loadCurrentTree
6 silly install readLocalPackageData
7 silly fetchPackageMetaData immutable
8 silly fetchNamedPackageData immutable
9 silly mapToRegistry name immutable
10 silly mapToRegistry using default registry
11 silly mapToRegistry registry https://registry.npmjs.org/
12 silly mapToRegistry data Result {
12 silly mapToRegistry   raw: 'immutable',
12 silly mapToRegistry   scope: null,
12 silly mapToRegistry   name: 'immutable',
12 silly mapToRegistry   rawSpec: '',
12 silly mapToRegistry   spec: 'latest',
12 silly mapToRegistry   type: 'tag' }
13 silly mapToRegistry uri https://registry.npmjs.org/immutable
14 verbose request uri https://registry.npmjs.org/immutable
15 verbose request no auth needed
16 info attempt registry request try #1 at 11:07:05 AM
17 verbose request id 70a54ea9da2153a8
18 verbose etag "6E7H1KTRZNIDO4IKOJVQGYKE8"
19 http request GET https://registry.npmjs.org/immutable
20 http 200 https://registry.npmjs.org/immutable
21 verbose headers { server: 'CouchDB/1.5.0 (Erlang OTP/R16B03)',
21 verbose headers   etag: '"BDLDISWPEQV1GY60EX1L38JDX"',
21 verbose headers   'content-type': 'application/json',
21 verbose headers   'content-encoding': 'gzip',
21 verbose headers   'cache-control': 'max-age=300',
21 verbose headers   'content-length': '17994',
21 verbose headers   'accept-ranges': 'bytes',
21 verbose headers   date: 'Fri, 14 Oct 2016 08:07:06 GMT',
21 verbose headers   via: '1.1 varnish',
21 verbose headers   age: '155',
21 verbose headers   connection: 'keep-alive',
21 verbose headers   'x-served-by': 'cache-lcy1135-LCY',
21 verbose headers   'x-cache': 'HIT',
21 verbose headers   'x-cache-hits': '1',
21 verbose headers   'x-timer': 'S1476432426.400212,VS0,VE0',
21 verbose headers   vary: 'Accept-Encoding' }
22 silly get cb [ 200,
22 silly get   { server: 'CouchDB/1.5.0 (Erlang OTP/R16B03)',
22 silly get     etag: '"BDLDISWPEQV1GY60EX1L38JDX"',
22 silly get     'content-type': 'application/json',
22 silly get     'content-encoding': 'gzip',
22 silly get     'cache-control': 'max-age=300',
22 silly get     'content-length': '17994',
22 silly get     'accept-ranges': 'bytes',
22 silly get     date: 'Fri, 14 Oct 2016 08:07:06 GMT',
22 silly get     via: '1.1 varnish',
22 silly get     age: '155',
22 silly get     connection: 'keep-alive',
22 silly get     'x-served-by': 'cache-lcy1135-LCY',
22 silly get     'x-cache': 'HIT',
22 silly get     'x-cache-hits': '1',
22 silly get     'x-timer': 'S1476432426.400212,VS0,VE0',
22 silly get     vary: 'Accept-Encoding' } ]
23 verbose get saving immutable to /Users/Admin/.npm/registry.npmjs.org/immutable/.cache.json
24 verbose correctMkdir /Users/Admin/.npm correctMkdir not in flight; initializing
25 silly install normalizeTree
26 silly loadCurrentTree Finishing
27 silly loadIdealTree Starting
28 silly install loadIdealTree
29 silly cloneCurrentTree Starting
30 silly install cloneCurrentTreeToIdealTree
31 silly cloneCurrentTree Finishing
32 silly loadShrinkwrap Starting
33 silly install loadShrinkwrap
34 silly loadShrinkwrap Finishing
35 silly loadAllDepsIntoIdealTree Starting
36 silly install loadAllDepsIntoIdealTree
37 silly resolveWithNewModule immutable@3.8.1 checking installable status
38 silly cache add args [ 'immutable', null ]
39 verbose cache add spec immutable
40 silly cache add parsed spec Result {
40 silly cache add   raw: 'immutable',
40 silly cache add   scope: null,
40 silly cache add   name: 'immutable',
40 silly cache add   rawSpec: '',
40 silly cache add   spec: 'latest',
40 silly cache add   type: 'tag' }
41 silly addNamed immutable@latest
42 verbose addNamed "latest" is being treated as a dist-tag for immutable
43 info addNameTag [ 'immutable', 'latest' ]
44 silly mapToRegistry name immutable
45 silly mapToRegistry using default registry
46 silly mapToRegistry registry https://registry.npmjs.org/
47 silly mapToRegistry data Result {
47 silly mapToRegistry   raw: 'immutable',
47 silly mapToRegistry   scope: null,
47 silly mapToRegistry   name: 'immutable',
47 silly mapToRegistry   rawSpec: '',
47 silly mapToRegistry   spec: 'latest',
47 silly mapToRegistry   type: 'tag' }
48 silly mapToRegistry uri https://registry.npmjs.org/immutable
49 verbose addNameTag registry:https://registry.npmjs.org/immutable not in flight; fetching
50 verbose get https://registry.npmjs.org/immutable not expired, no request
51 silly addNameTag next cb for immutable with tag latest
52 silly addNamed immutable@3.8.1
53 verbose addNamed "3.8.1" is a plain semver version for immutable
54 silly cache afterAdd immutable@3.8.1
55 verbose afterAdd /Users/Admin/.npm/immutable/3.8.1/package/package.json not in flight; writing
56 verbose correctMkdir /Users/Admin/.npm correctMkdir not in flight; initializing
57 verbose afterAdd /Users/Admin/.npm/immutable/3.8.1/package/package.json written
58 silly loadAllDepsIntoIdealTree Finishing
59 silly idealTree:prePrune Koa-RESTful-API@0.0.1
59 silly idealTree:prePrune ├── @f/defaults@1.0.1
59 silly idealTree:prePrune ├── @f/foreach-array@1.0.0
59 silly idealTree:prePrune ├── @f/foreach-obj@1.1.1
59 silly idealTree:prePrune ├── @f/foreach@1.2.2
59 silly idealTree:prePrune ├── @f/is-array@1.1.1
59 silly idealTree:prePrune ├── @f/is-function@1.1.1
59 silly idealTree:prePrune ├── @f/is-object@1.1.4
59 silly idealTree:prePrune ├── abbrev@1.0.9
59 silly idealTree:prePrune ├── accepts@1.3.3
59 silly idealTree:prePrune ├── acorn-globals@1.0.9
59 silly idealTree:prePrune ├─┬ acorn-jsx@3.0.1
59 silly idealTree:prePrune │ └── acorn@3.3.0
59 silly idealTree:prePrune ├── acorn@2.7.0
59 silly idealTree:prePrune ├── ajv-keywords@1.1.1
59 silly idealTree:prePrune ├── ajv@4.7.4
59 silly idealTree:prePrune ├── align-text@0.1.4
59 silly idealTree:prePrune ├── amdefine@1.0.0
59 silly idealTree:prePrune ├── ansi-escapes@1.4.0
59 silly idealTree:prePrune ├── ansi-regex@2.0.0
59 silly idealTree:prePrune ├── ansi-styles@2.2.1
59 silly idealTree:prePrune ├── any-promise@1.3.0
59 silly idealTree:prePrune ├── argparse@1.0.7
59 silly idealTree:prePrune ├── array-union@1.0.2
59 silly idealTree:prePrune ├── array-uniq@1.0.3
59 silly idealTree:prePrune ├── arrify@1.0.1
59 silly idealTree:prePrune ├── asap@1.0.0
59 silly idealTree:prePrune ├── assertion-error@1.0.0
59 silly idealTree:prePrune ├── async@0.2.10
59 silly idealTree:prePrune ├── babel-code-frame@6.11.0
59 silly idealTree:prePrune ├─┬ babel-core@6.14.0
59 silly idealTree:prePrune │ └── lodash@4.16.2
59 silly idealTree:prePrune ├─┬ babel-generator@6.14.0
59 silly idealTree:prePrune │ └── lodash@4.16.2
59 silly idealTree:prePrune ├── babel-helper-bindify-decorators@6.8.0
59 silly idealTree:prePrune ├── babel-helper-builder-binary-assignment-operator-visitor@6.15.0
59 silly idealTree:prePrune ├─┬ babel-helper-builder-react-jsx@6.9.0
59 silly idealTree:prePrune │ └── lodash@4.16.2
59 silly idealTree:prePrune ├── babel-helper-call-delegate@6.8.0
59 silly idealTree:prePrune ├─┬ babel-helper-define-map@6.9.0
59 silly idealTree:prePrune │ └── lodash@4.16.2
59 silly idealTree:prePrune ├── babel-helper-explode-assignable-expression@6.8.0
59 silly idealTree:prePrune ├── babel-helper-explode-class@6.8.0
59 silly idealTree:prePrune ├── babel-helper-function-name@6.8.0
59 silly idealTree:prePrune ├── babel-helper-get-function-arity@6.8.0
59 silly idealTree:prePrune ├── babel-helper-hoist-variables@6.8.0
59 silly idealTree:prePrune ├── babel-helper-optimise-call-expression@6.8.0
59 silly idealTree:prePrune ├─┬ babel-helper-regex@6.9.0
59 silly idealTree:prePrune │ └── lodash@4.16.2
59 silly idealTree:prePrune ├── babel-helper-remap-async-to-generator@6.11.2
59 silly idealTree:prePrune ├── babel-helper-replace-supers@6.14.0
59 silly idealTree:prePrune ├── babel-helpers@6.8.0
59 silly idealTree:prePrune ├── babel-messages@6.8.0
59 silly idealTree:prePrune ├── babel-plugin-check-es2015-constants@6.8.0
59 silly idealTree:prePrune ├── babel-plugin-syntax-async-functions@6.13.0
59 silly idealTree:prePrune ├── babel-plugin-syntax-class-constructor-call@6.13.0
59 silly idealTree:prePrune ├── babel-plugin-syntax-class-properties@6.13.0
59 silly idealTree:prePrune ├── babel-plugin-syntax-decorators@6.13.0
59 silly idealTree:prePrune ├── babel-plugin-syntax-do-expressions@6.13.0
59 silly idealTree:prePrune ├── babel-plugin-syntax-exponentiation-operator@6.13.0
59 silly idealTree:prePrune ├── babel-plugin-syntax-export-extensions@6.13.0
59 silly idealTree:prePrune ├── babel-plugin-syntax-flow@6.13.0
59 silly idealTree:prePrune ├── babel-plugin-syntax-function-bind@6.13.0
59 silly idealTree:prePrune ├── babel-plugin-syntax-jsx@6.13.0
59 silly idealTree:prePrune ├── babel-plugin-syntax-object-rest-spread@6.13.0
59 silly idealTree:prePrune ├── babel-plugin-syntax-trailing-function-commas@6.13.0
59 silly idealTree:prePrune ├── babel-plugin-transform-async-to-generator@6.8.0
59 silly idealTree:prePrune ├── babel-plugin-transform-class-constructor-call@6.8.0
59 silly idealTree:prePrune ├── babel-plugin-transform-class-properties@6.11.5
59 silly idealTree:prePrune ├── babel-plugin-transform-decorators@6.13.0
59 silly idealTree:prePrune ├── babel-plugin-transform-do-expressions@6.8.0
59 silly idealTree:prePrune ├── babel-plugin-transform-es2015-arrow-functions@6.8.0
59 silly idealTree:prePrune ├── babel-plugin-transform-es2015-block-scoped-functions@6.8.0
59 silly idealTree:prePrune ├─┬ babel-plugin-transform-es2015-block-scoping@6.15.0
59 silly idealTree:prePrune │ └── lodash@4.16.2
59 silly idealTree:prePrune ├── babel-plugin-transform-es2015-classes@6.14.0
59 silly idealTree:prePrune ├── babel-plugin-transform-es2015-computed-properties@6.8.0
59 silly idealTree:prePrune ├── babel-plugin-transform-es2015-destructuring@6.9.0
59 silly idealTree:prePrune ├── babel-plugin-transform-es2015-duplicate-keys@6.8.0
59 silly idealTree:prePrune ├── babel-plugin-transform-es2015-for-of@6.8.0
59 silly idealTree:prePrune ├── babel-plugin-transform-es2015-function-name@6.9.0
59 silly idealTree:prePrune ├── babel-plugin-transform-es2015-literals@6.8.0
59 silly idealTree:prePrune ├── babel-plugin-transform-es2015-modules-amd@6.8.0
59 silly idealTree:prePrune ├── babel-plugin-transform-es2015-modules-commonjs@6.14.0
59 silly idealTree:prePrune ├── babel-plugin-transform-es2015-modules-systemjs@6.14.0
59 silly idealTree:prePrune ├── babel-plugin-transform-es2015-modules-umd@6.12.0
59 silly idealTree:prePrune ├── babel-plugin-transform-es2015-object-super@6.8.0
59 silly idealTree:prePrune ├── babel-plugin-transform-es2015-parameters@6.11.4
59 silly idealTree:prePrune ├── babel-plugin-transform-es2015-shorthand-properties@6.8.0
59 silly idealTree:prePrune ├── babel-plugin-transform-es2015-spread@6.8.0
59 silly idealTree:prePrune ├── babel-plugin-transform-es2015-sticky-regex@6.8.0
59 silly idealTree:prePrune ├── babel-plugin-transform-es2015-template-literals@6.8.0
59 silly idealTree:prePrune ├── babel-plugin-transform-es2015-typeof-symbol@6.8.0
59 silly idealTree:prePrune ├── babel-plugin-transform-es2015-unicode-regex@6.11.0
59 silly idealTree:prePrune ├── babel-plugin-transform-exponentiation-operator@6.8.0
59 silly idealTree:prePrune ├── babel-plugin-transform-export-extensions@6.8.0
59 silly idealTree:prePrune ├── babel-plugin-transform-flow-strip-types@6.14.0
59 silly idealTree:prePrune ├── babel-plugin-transform-function-bind@6.8.0
59 silly idealTree:prePrune ├── babel-plugin-transform-object-rest-spread@6.8.0
59 silly idealTree:prePrune ├── babel-plugin-transform-react-display-name@6.8.0
59 silly idealTree:prePrune ├── babel-plugin-transform-react-jsx-self@6.11.0
59 silly idealTree:prePrune ├── babel-plugin-transform-react-jsx-source@6.9.0
59 silly idealTree:prePrune ├── babel-plugin-transform-react-jsx@6.8.0
59 silly idealTree:prePrune ├── babel-plugin-transform-regenerator@6.14.0
59 silly idealTree:prePrune ├── babel-plugin-transform-strict-mode@6.11.3
59 silly idealTree:prePrune ├── babel-polyfill@6.13.0
59 silly idealTree:prePrune ├── babel-preset-es2015@6.14.0
59 silly idealTree:prePrune ├── babel-preset-react@6.11.1
59 silly idealTree:prePrune ├── babel-preset-stage-0@6.5.0
59 silly idealTree:prePrune ├── babel-preset-stage-1@6.13.0
59 silly idealTree:prePrune ├── babel-preset-stage-2@6.13.0
59 silly idealTree:prePrune ├── babel-preset-stage-3@6.11.0
59 silly idealTree:prePrune ├─┬ babel-register@6.14.0
59 silly idealTree:prePrune │ └── lodash@4.16.2
59 silly idealTree:prePrune ├── babel-runtime@6.11.6
59 silly idealTree:prePrune ├─┬ babel-template@6.15.0
59 silly idealTree:prePrune │ └── lodash@4.16.2
59 silly idealTree:prePrune ├─┬ babel-traverse@6.15.0
59 silly idealTree:prePrune │ └── lodash@4.16.2
59 silly idealTree:prePrune ├─┬ babel-types@6.15.0
59 silly idealTree:prePrune │ └── lodash@4.16.2
59 silly idealTree:prePrune ├── babylon@6.11.2
59 silly idealTree:prePrune ├── balanced-match@0.4.2
59 silly idealTree:prePrune ├── basic-auth@1.0.4
59 silly idealTree:prePrune ├── bluebird@3.4.6
59 silly idealTree:prePrune ├── brace-expansion@1.1.6
59 silly idealTree:prePrune ├── bson@0.5.5
59 silly idealTree:prePrune ├── buffer-shims@1.0.0
59 silly idealTree:prePrune ├── builtin-modules@1.1.1
59 silly idealTree:prePrune ├── bytes@2.4.0
59 silly idealTree:prePrune ├── caller-path@0.1.0
59 silly idealTree:prePrune ├── callsites@0.2.0
59 silly idealTree:prePrune ├── camelcase@1.2.1
59 silly idealTree:prePrune ├── camelize@1.0.0
59 silly idealTree:prePrune ├── center-align@0.1.3
59 silly idealTree:prePrune ├── chai-as-promised@5.3.0
59 silly idealTree:prePrune ├── chai@2.3.0
59 silly idealTree:prePrune ├── chalk@1.1.3
59 silly idealTree:prePrune ├── character-parser@1.2.1
59 silly idealTree:prePrune ├── circular-json@0.3.1
59 silly idealTree:prePrune ├─┬ clean-css@3.4.20
59 silly idealTree:prePrune │ ├── commander@2.8.1
59 silly idealTree:prePrune │ └── source-map@0.4.4
59 silly idealTree:prePrune ├── cli-cursor@1.0.2
59 silly idealTree:prePrune ├── cli-width@2.1.0
59 silly idealTree:prePrune ├─┬ cliui@2.1.0
59 silly idealTree:prePrune │ └── wordwrap@0.0.2
59 silly idealTree:prePrune ├── co-body@4.2.0
59 silly idealTree:prePrune ├── co-render@1.1.0
59 silly idealTree:prePrune ├── co-views@2.1.0
59 silly idealTree:prePrune ├── co@4.6.0
59 silly idealTree:prePrune ├── code-point-at@1.0.0
59 silly idealTree:prePrune ├── combined-stream@0.0.7
59 silly idealTree:prePrune ├── commander@2.6.0
59 silly idealTree:prePrune ├── component-emitter@1.1.2
59 silly idealTree:prePrune ├── composition@2.3.0
59 silly idealTree:prePrune ├── concat-map@0.0.1
59 silly idealTree:prePrune ├── concat-regexp@0.0.6
59 silly idealTree:prePrune ├─┬ concat-stream@1.5.2
59 silly idealTree:prePrune │ └── readable-stream@2.0.6
59 silly idealTree:prePrune ├─┬ configstore@0.3.2
59 silly idealTree:prePrune │ ├── graceful-fs@3.0.11
59 silly idealTree:prePrune │ └── object-assign@2.1.1
59 silly idealTree:prePrune ├── connect@3.4.1
59 silly idealTree:prePrune ├── consolidate@0.14.1
59 silly idealTree:prePrune ├── constantinople@3.0.2
59 silly idealTree:prePrune ├── contains-path@0.1.0
59 silly idealTree:prePrune ├── content-disposition@0.5.1
59 silly idealTree:prePrune ├── content-security-policy-builder@1.0.0
59 silly idealTree:prePrune ├── content-type@1.0.2
59 silly idealTree:prePrune ├── convert-source-map@1.3.0
59 silly idealTree:prePrune ├── cookiejar@2.0.1
59 silly idealTree:prePrune ├── cookies@0.6.1
59 silly idealTree:prePrune ├── copy-to@2.0.1
59 silly idealTree:prePrune ├── core-js@2.4.1
59 silly idealTree:prePrune ├── core-util-is@1.0.2
59 silly idealTree:prePrune ├── css-parse@1.0.4
59 silly idealTree:prePrune ├── css-stringify@1.0.5
59 silly idealTree:prePrune ├── css@1.0.8
59 silly idealTree:prePrune ├── d@0.1.1
59 silly idealTree:prePrune ├── dashify@0.2.2
59 silly idealTree:prePrune ├── debug@2.2.0
59 silly idealTree:prePrune ├── decamelize@1.2.0
59 silly idealTree:prePrune ├── deep-eql@0.1.3
59 silly idealTree:prePrune ├── deep-equal@1.0.1
59 silly idealTree:prePrune ├── deep-extend@0.4.1
59 silly idealTree:prePrune ├── deep-is@0.1.3
59 silly idealTree:prePrune ├── del@2.2.2
59 silly idealTree:prePrune ├── delayed-stream@0.0.5
59 silly idealTree:prePrune ├── delegates@1.0.0
59 silly idealTree:prePrune ├── depd@1.1.0
59 silly idealTree:prePrune ├── destroy@1.0.4
59 silly idealTree:prePrune ├── detect-indent@3.0.1
59 silly idealTree:prePrune ├── diff@1.4.0
59 silly idealTree:prePrune ├── dns-prefetch-control@0.1.0
59 silly idealTree:prePrune ├── doctrine@1.4.0
59 silly idealTree:prePrune ├── dont-sniff-mimetype@1.0.0
59 silly idealTree:prePrune ├── duplexify@3.4.5
59 silly idealTree:prePrune ├── ee-first@1.1.1
59 silly idealTree:prePrune ├── encoding@0.1.12
59 silly idealTree:prePrune ├─┬ end-of-stream@1.0.0
59 silly idealTree:prePrune │ └── once@1.3.3
59 silly idealTree:prePrune ├── error-inject@1.0.0
59 silly idealTree:prePrune ├── es5-ext@0.10.12
59 silly idealTree:prePrune ├── es6-iterator@2.0.0
59 silly idealTree:prePrune ├── es6-map@0.1.4
59 silly idealTree:prePrune ├── es6-promise@4.0.5
59 silly idealTree:prePrune ├── es6-set@0.1.4
59 silly idealTree:prePrune ├── es6-symbol@3.1.0
59 silly idealTree:prePrune ├── es6-weak-map@2.0.1
59 silly idealTree:prePrune ├── escape-html@1.0.3
59 silly idealTree:prePrune ├── escape-string-regexp@1.0.5
59 silly idealTree:prePrune ├── escope@3.6.0
59 silly idealTree:prePrune ├── eslint-config-airbnb-base@4.0.2
59 silly idealTree:prePrune ├── eslint-import-resolver-node@0.2.3
59 silly idealTree:prePrune ├─┬ eslint-plugin-import@1.16.0
59 silly idealTree:prePrune │ └── doctrine@1.3.0
59 silly idealTree:prePrune ├─┬ eslint@3.6.0
59 silly idealTree:prePrune │ ├── glob@7.1.0
59 silly idealTree:prePrune │ ├── globals@9.10.0
59 silly idealTree:prePrune │ ├── lodash@4.16.2
59 silly idealTree:prePrune │ └── user-home@2.0.0
59 silly idealTree:prePrune ├─┬ espree@3.3.0
59 silly idealTree:prePrune │ └── acorn@4.0.3
59 silly idealTree:prePrune ├── esprima@2.7.3
59 silly idealTree:prePrune ├─┬ esrecurse@4.1.0
59 silly idealTree:prePrune │ └── estraverse@4.1.1
59 silly idealTree:prePrune ├── estraverse@4.2.0
59 silly idealTree:prePrune ├── esutils@2.0.2
59 silly idealTree:prePrune ├── event-emitter@0.3.4
59 silly idealTree:prePrune ├─┬ event-stream@0.5.3
59 silly idealTree:prePrune │ └── optimist@0.2.8
59 silly idealTree:prePrune ├── exit-hook@1.1.1
59 silly idealTree:prePrune ├── extend@1.3.0
59 silly idealTree:prePrune ├── fast-levenshtein@2.0.4
59 silly idealTree:prePrune ├─┬ fbjs@0.8.4
59 silly idealTree:prePrune │ ├── asap@2.0.5
59 silly idealTree:prePrune │ ├── core-js@1.2.7
59 silly idealTree:prePrune │ └── promise@7.1.1
59 silly idealTree:prePrune ├── figures@1.7.0
59 silly idealTree:prePrune ├── file-entry-cache@2.0.0
59 silly idealTree:prePrune ├── finalhandler@0.4.1
59 silly idealTree:prePrune ├─┬ find-up@1.1.2
59 silly idealTree:prePrune │ └── path-exists@2.1.0
59 silly idealTree:prePrune ├── flat-cache@1.2.1
59 silly idealTree:prePrune ├─┬ form-data@0.1.3
59 silly idealTree:prePrune │ └── async@0.9.2
59 silly idealTree:prePrune ├── formidable@1.0.17
59 silly idealTree:prePrune ├── frameguard@1.1.0
59 silly idealTree:prePrune ├── fresh@0.3.0
59 silly idealTree:prePrune ├── fs.realpath@1.0.0
59 silly idealTree:prePrune ├── function-bind@1.1.0
59 silly idealTree:prePrune ├── generate-function@2.0.0
59 silly idealTree:prePrune ├── generate-object-property@1.2.0
59 silly idealTree:prePrune ├── get-stdin@4.0.1
59 silly idealTree:prePrune ├── glob@5.0.15
59 silly idealTree:prePrune ├── globals@8.18.0
59 silly idealTree:prePrune ├─┬ globby@5.0.0
59 silly idealTree:prePrune │ └── glob@7.1.0
59 silly idealTree:prePrune ├─┬ got@3.3.1
59 silly idealTree:prePrune │ └── object-assign@3.0.0
59 silly idealTree:prePrune ├── graceful-fs@4.1.6
59 silly idealTree:prePrune ├── graceful-readlink@1.0.1
59 silly idealTree:prePrune ├── growl@1.9.2
59 silly idealTree:prePrune ├── has-ansi@2.0.0
59 silly idealTree:prePrune ├── has@1.0.1
59 silly idealTree:prePrune ├── hasha@2.2.0
59 silly idealTree:prePrune ├── helmet-csp@1.1.0
59 silly idealTree:prePrune ├── helmet@1.3.0
59 silly idealTree:prePrune ├── hide-powered-by@1.0.0
59 silly idealTree:prePrune ├── hoist-non-react-statics@1.2.0
59 silly idealTree:prePrune ├── home-or-tmp@1.0.0
59 silly idealTree:prePrune ├── hooks-fixed@1.2.0
59 silly idealTree:prePrune ├── hpkp@1.1.0
59 silly idealTree:prePrune ├── hsts@1.0.0
59 silly idealTree:prePrune ├─┬ http-assert@1.2.0
59 silly idealTree:prePrune │ └── http-errors@1.4.0
59 silly idealTree:prePrune ├── http-errors@1.5.0
59 silly idealTree:prePrune ├── iconv-lite@0.4.13
59 silly idealTree:prePrune ├── ienoopen@1.0.0
59 silly idealTree:prePrune ├── ignore@3.1.5
59 silly idealTree:prePrune ├── immutable@3.8.1
59 silly idealTree:prePrune ├── imurmurhash@0.1.4
59 silly idealTree:prePrune ├── infinity-agent@2.0.3
59 silly idealTree:prePrune ├── inflation@2.0.0
59 silly idealTree:prePrune ├── inflight@1.0.5
59 silly idealTree:prePrune ├── inherits@2.0.1
59 silly idealTree:prePrune ├── ini@1.3.4
59 silly idealTree:prePrune ├─┬ inquirer@0.12.0
59 silly idealTree:prePrune │ └── lodash@4.16.2
59 silly idealTree:prePrune ├── invariant@2.2.1
59 silly idealTree:prePrune ├── is-buffer@1.1.4
59 silly idealTree:prePrune ├── is-finite@1.0.1
59 silly idealTree:prePrune ├── is-fullwidth-code-point@1.0.0
59 silly idealTree:prePrune ├── is-my-json-valid@2.14.0
59 silly idealTree:prePrune ├── is-npm@1.0.0
59 silly idealTree:prePrune ├── is-path-cwd@1.0.0
59 silly idealTree:prePrune ├── is-path-in-cwd@1.0.0
59 silly idealTree:prePrune ├── is-path-inside@1.0.0
59 silly idealTree:prePrune ├── is-promise@2.1.0
59 silly idealTree:prePrune ├── is-property@1.0.2
59 silly idealTree:prePrune ├── is-redirect@1.0.0
59 silly idealTree:prePrune ├── is-resolvable@1.0.0
59 silly idealTree:prePrune ├── is-stream@1.1.0
59 silly idealTree:prePrune ├── isarray@1.0.0
59 silly idealTree:prePrune ├── isomorphic-fetch@2.2.1
59 silly idealTree:prePrune ├── jade@1.11.0
59 silly idealTree:prePrune ├── js-tokens@2.0.0
59 silly idealTree:prePrune ├── js-yaml@3.6.1
59 silly idealTree:prePrune ├── jsesc@0.5.0
59 silly idealTree:prePrune ├── json-stable-stringify@1.0.1
59 silly idealTree:prePrune ├── json5@0.4.0
59 silly idealTree:prePrune ├── jsonify@0.0.0
59 silly idealTree:prePrune ├── jsonpointer@2.0.0
59 silly idealTree:prePrune ├── jstransformer@0.0.2
59 silly idealTree:prePrune ├── kareem@1.1.3
59 silly idealTree:prePrune ├── keygrip@1.0.1
59 silly idealTree:prePrune ├── kind-of@3.0.4
59 silly idealTree:prePrune ├── koa-body@1.5.0
59 silly idealTree:prePrune ├── koa-bodyparser@2.2.0
59 silly idealTree:prePrune ├── koa-compose@2.4.0
59 silly idealTree:prePrune ├── koa-cors@0.0.16
59 silly idealTree:prePrune ├─┬ koa-docs@0.9.3
59 silly idealTree:prePrune │ └── lodash@4.16.2
59 silly idealTree:prePrune ├── koa-helmet@1.0.0
59 silly idealTree:prePrune ├── koa-is-json@1.0.0
59 silly idealTree:prePrune ├── koa-mongoose@1.0.9
59 silly idealTree:prePrune ├── koa-morgan@0.1.0
59 silly idealTree:prePrune ├── koa-mount@1.3.0
59 silly idealTree:prePrune ├── koa-passport@1.3.1
59 silly idealTree:prePrune ├── koa-router@4.3.2
59 silly idealTree:prePrune ├── koa-send@3.1.1
59 silly idealTree:prePrune ├── koa-session@3.3.1
59 silly idealTree:prePrune ├── koa-static@2.0.0
59 silly idealTree:prePrune ├── koa-views@4.1.0
59 silly idealTree:prePrune ├── koa@1.2.0
59 silly idealTree:prePrune ├── latest-version@1.0.1
59 silly idealTree:prePrune ├── lazy-cache@1.0.4
59 silly idealTree:prePrune ├── levn@0.3.0
59 silly idealTree:prePrune ├── lodash-es@4.16.4
59 silly idealTree:prePrune ├── lodash._baseeach@4.1.3
59 silly idealTree:prePrune ├── lodash._baseiteratee@4.7.0
59 silly idealTree:prePrune ├── lodash._basereduce@3.0.2
59 silly idealTree:prePrune ├── lodash._basetostring@4.12.0
59 silly idealTree:prePrune ├── lodash._stringtopath@4.8.0
59 silly idealTree:prePrune ├── lodash.assign@4.0.4
59 silly idealTree:prePrune ├── lodash.cond@4.5.2
59 silly idealTree:prePrune ├── lodash.endswith@4.2.1
59 silly idealTree:prePrune ├── lodash.find@4.6.0
59 silly idealTree:prePrune ├── lodash.findindex@4.6.0
59 silly idealTree:prePrune ├── lodash.isfunction@3.0.8
59 silly idealTree:prePrune ├── lodash.isstring@4.0.1
59 silly idealTree:prePrune ├── lodash.keys@4.2.0
59 silly idealTree:prePrune ├── lodash.reduce@4.2.0
59 silly idealTree:prePrune ├── lodash.rest@4.0.5
59 silly idealTree:prePrune ├── lodash.some@4.2.0
59 silly idealTree:prePrune ├── lodash@3.10.1
59 silly idealTree:prePrune ├── longest@1.0.1
59 silly idealTree:prePrune ├─┬ loose-envify@1.2.0
59 silly idealTree:prePrune │ └── js-tokens@1.0.3
59 silly idealTree:prePrune ├── lowercase-keys@1.0.0
59 silly idealTree:prePrune ├── lru-cache@2.7.3
59 silly idealTree:prePrune ├── marked@0.3.6
59 silly idealTree:prePrune ├── media-typer@0.3.0
59 silly idealTree:prePrune ├── methods@1.1.2
59 silly idealTree:prePrune ├── mime-db@1.24.0
59 silly idealTree:prePrune ├── mime-types@2.1.12
59 silly idealTree:prePrune ├── mime@1.2.11
59 silly idealTree:prePrune ├── minimatch@3.0.3
59 silly idealTree:prePrune ├── minimist@1.2.0
59 silly idealTree:prePrune ├── mithril-node-render@0.5.0
59 silly idealTree:prePrune ├── mithril@0.2.5
59 silly idealTree:prePrune ├─┬ mkdirp@0.5.1
59 silly idealTree:prePrune │ └── minimist@0.0.8
59 silly idealTree:prePrune ├─┬ mocha@2.5.3
59 silly idealTree:prePrune │ ├── commander@2.3.0
59 silly idealTree:prePrune │ ├── escape-string-regexp@1.0.2
59 silly idealTree:prePrune │ ├── glob@3.2.11
59 silly idealTree:prePrune │ ├─┬ jade@0.26.3
59 silly idealTree:prePrune │ │ ├── commander@0.6.1
59 silly idealTree:prePrune │ │ └── mkdirp@0.3.0
59 silly idealTree:prePrune │ ├── minimatch@0.3.0
59 silly idealTree:prePrune │ └── supports-color@1.2.0
59 silly idealTree:prePrune ├── mongodb-core@2.0.12
59 silly idealTree:prePrune ├─┬ mongodb@2.2.10
59 silly idealTree:prePrune │ └── es6-promise@3.2.1
59 silly idealTree:prePrune ├─┬ mongoose-paginate@5.0.0
59 silly idealTree:prePrune │ └── bluebird@3.0.5
59 silly idealTree:prePrune ├── mongoose-q@0.1.0
59 silly idealTree:prePrune ├─┬ mongoose@4.6.1
59 silly idealTree:prePrune │ └── async@1.5.2
59 silly idealTree:prePrune ├── morgan@1.7.0
59 silly idealTree:prePrune ├── mpath@0.2.1
59 silly idealTree:prePrune ├── mpromise@0.5.5
59 silly idealTree:prePrune ├─┬ mquery@1.11.0
59 silly idealTree:prePrune │ ├── bluebird@2.10.2
59 silly idealTree:prePrune │ └── sliced@0.0.5
59 silly idealTree:prePrune ├── ms@0.7.1
59 silly idealTree:prePrune ├── muri@1.1.0
59 silly idealTree:prePrune ├── mute-stream@0.0.5
59 silly idealTree:prePrune ├── mz@2.4.0
59 silly idealTree:prePrune ├── natives@1.1.0
59 silly idealTree:prePrune ├── natural-compare@1.4.0
59 silly idealTree:prePrune ├── negotiator@0.6.1
59 silly idealTree:prePrune ├── nested-error-stacks@1.0.2
59 silly idealTree:prePrune ├── nocache@1.0.0
59 silly idealTree:prePrune ├── node-fetch@1.6.3
59 silly idealTree:prePrune ├─┬ nodemon@1.3.7
59 silly idealTree:prePrune │ └── minimatch@0.3.0
59 silly idealTree:prePrune ├── nopt@1.0.10
59 silly idealTree:prePrune ├── number-is-nan@1.0.0
59 silly idealTree:prePrune ├── object-assign@4.1.0
59 silly idealTree:prePrune ├── on-finished@2.3.0
59 silly idealTree:prePrune ├── on-headers@1.0.1
59 silly idealTree:prePrune ├── once@1.4.0
59 silly idealTree:prePrune ├── onetime@1.1.0
59 silly idealTree:prePrune ├── only@0.0.2
59 silly idealTree:prePrune ├── optimist@0.3.7
59 silly idealTree:prePrune ├─┬ optionator@0.8.2
59 silly idealTree:prePrune │ └── wordwrap@1.0.0
59 silly idealTree:prePrune ├── os-homedir@1.0.1
59 silly idealTree:prePrune ├── os-tmpdir@1.0.1
59 silly idealTree:prePrune ├── osenv@0.1.3
59 silly idealTree:prePrune ├── package-json@1.2.0
59 silly idealTree:prePrune ├── parseurl@1.3.1
59 silly idealTree:prePrune ├── passport-local@1.0.0
59 silly idealTree:prePrune ├── passport-strategy@1.0.0
59 silly idealTree:prePrune ├── passport@0.3.2
59 silly idealTree:prePrune ├── path-exists@1.0.0
59 silly idealTree:prePrune ├── path-is-absolute@1.0.0
59 silly idealTree:prePrune ├── path-is-inside@1.0.2
59 silly idealTree:prePrune ├─┬ path-to-regexp@1.5.3
59 silly idealTree:prePrune │ └── isarray@0.0.1
59 silly idealTree:prePrune ├── pause@0.0.1
59 silly idealTree:prePrune ├── pify@2.3.0
59 silly idealTree:prePrune ├── pinkie-promise@2.0.1
59 silly idealTree:prePrune ├── pinkie@2.0.4
59 silly idealTree:prePrune ├── pkg-dir@1.0.0
59 silly idealTree:prePrune ├── pkg-up@1.0.0
59 silly idealTree:prePrune ├── platform@1.3.1
59 silly idealTree:prePrune ├── pluralize@1.2.1
59 silly idealTree:prePrune ├── prelude-ls@1.1.2
59 silly idealTree:prePrune ├── prepend-http@1.0.4
59 silly idealTree:prePrune ├── private@0.1.6
59 silly idealTree:prePrune ├── process-nextick-args@1.0.7
59 silly idealTree:prePrune ├── progress@1.1.8
59 silly idealTree:prePrune ├── promise@6.1.0
59 silly idealTree:prePrune ├── ps-tree@0.0.3
59 silly idealTree:prePrune ├── q@1.4.1
59 silly idealTree:prePrune ├── qs@4.0.0
59 silly idealTree:prePrune ├── raw-body@2.1.7
59 silly idealTree:prePrune ├── rc@1.1.6
59 silly idealTree:prePrune ├── react-dom@15.3.2
59 silly idealTree:prePrune ├─┬ react-redux@4.4.5
59 silly idealTree:prePrune │ └── lodash@4.16.4
59 silly idealTree:prePrune ├── react@15.3.2
59 silly idealTree:prePrune ├── read-all-stream@3.1.0
59 silly idealTree:prePrune ├── readable-stream@2.1.5
59 silly idealTree:prePrune ├── readline2@1.0.1
59 silly idealTree:prePrune ├── reduce-component@1.0.1
59 silly idealTree:prePrune ├── redux-thunk@2.1.0
59 silly idealTree:prePrune ├─┬ redux@3.6.0
59 silly idealTree:prePrune │ └── lodash@4.16.4
59 silly idealTree:prePrune ├── regenerate@1.3.1
59 silly idealTree:prePrune ├── regenerator-runtime@0.9.5
59 silly idealTree:prePrune ├── regexp-clone@0.0.1
59 silly idealTree:prePrune ├── regexpu-core@2.0.0
59 silly idealTree:prePrune ├── registry-url@3.1.0
59 silly idealTree:prePrune ├── regjsgen@0.2.0
59 silly idealTree:prePrune ├── regjsparser@0.1.5
59 silly idealTree:prePrune ├── repeat-string@1.5.4
59 silly idealTree:prePrune ├── repeating@1.1.3
59 silly idealTree:prePrune ├── require_optional@1.0.0
59 silly idealTree:prePrune ├─┬ require-uncached@1.0.2
59 silly idealTree:prePrune │ └── resolve-from@1.0.1
59 silly idealTree:prePrune ├── resolve-from@2.0.0
59 silly idealTree:prePrune ├── resolve-path@1.3.2
59 silly idealTree:prePrune ├── resolve@1.1.7
59 silly idealTree:prePrune ├── restore-cursor@1.0.1
59 silly idealTree:prePrune ├── right-align@0.1.3
59 silly idealTree:prePrune ├─┬ rimraf@2.5.4
59 silly idealTree:prePrune │ └── glob@7.1.0
59 silly idealTree:prePrune ├── run-async@0.1.0
59 silly idealTree:prePrune ├── rx-lite@3.1.2
59 silly idealTree:prePrune ├── semver-diff@2.1.0
59 silly idealTree:prePrune ├── semver@5.3.0
59 silly idealTree:prePrune ├── setprototypeof@1.0.1
59 silly idealTree:prePrune ├── shebang-regex@1.0.0
59 silly idealTree:prePrune ├── shelljs@0.6.1
59 silly idealTree:prePrune ├── should-equal@0.3.1
59 silly idealTree:prePrune ├── should-format@0.0.7
59 silly idealTree:prePrune ├── should-type@0.0.4
59 silly idealTree:prePrune ├── should@5.2.0
59 silly idealTree:prePrune ├── sigmund@1.0.1
59 silly idealTree:prePrune ├── slash@1.0.0
59 silly idealTree:prePrune ├── slice-ansi@0.0.4
59 silly idealTree:prePrune ├── sliced@1.0.1
59 silly idealTree:prePrune ├─┬ source-map-support@0.2.10
59 silly idealTree:prePrune │ └── source-map@0.1.32
59 silly idealTree:prePrune ├── source-map@0.5.6
59 silly idealTree:prePrune ├── sprintf-js@1.0.3
59 silly idealTree:prePrune ├── statuses@1.3.0
59 silly idealTree:prePrune ├── stream-shift@1.0.0
59 silly idealTree:prePrune ├── string_decoder@0.10.31
59 silly idealTree:prePrune ├── string-length@1.0.1
59 silly idealTree:prePrune ├── string-width@1.0.2
59 silly idealTree:prePrune ├── strip-ansi@3.0.1
59 silly idealTree:prePrune ├── strip-bom@3.0.0
59 silly idealTree:prePrune ├── strip-indent@2.0.0
59 silly idealTree:prePrune ├── strip-json-comments@1.0.4
59 silly idealTree:prePrune ├─┬ superagent@0.21.0
59 silly idealTree:prePrune │ ├── extend@1.2.1
59 silly idealTree:prePrune │ ├── formidable@1.0.14
59 silly idealTree:prePrune │ ├── isarray@0.0.1
59 silly idealTree:prePrune │ ├── methods@1.0.1
59 silly idealTree:prePrune │ ├── qs@1.2.0
59 silly idealTree:prePrune │ └── readable-stream@1.0.27-1
59 silly idealTree:prePrune ├── supertest@0.15.0
59 silly idealTree:prePrune ├── supports-color@2.0.0
59 silly idealTree:prePrune ├── symbol-observable@1.0.2
59 silly idealTree:prePrune ├─┬ table@3.8.0
59 silly idealTree:prePrune │ └── lodash@4.16.2
59 silly idealTree:prePrune ├── text-table@0.2.0
59 silly idealTree:prePrune ├── thenify-all@1.6.0
59 silly idealTree:prePrune ├── thenify@3.2.0
59 silly idealTree:prePrune ├── through@2.3.8
59 silly idealTree:prePrune ├── timed-out@2.0.0
59 silly idealTree:prePrune ├── to-fast-properties@1.0.2
59 silly idealTree:prePrune ├── to-iso-string@0.0.2
59 silly idealTree:prePrune ├── touch@0.0.4
59 silly idealTree:prePrune ├─┬ transformers@2.1.0
59 silly idealTree:prePrune │ ├── is-promise@1.0.1
59 silly idealTree:prePrune │ ├── promise@2.0.0
59 silly idealTree:prePrune │ ├── source-map@0.1.43
59 silly idealTree:prePrune │ └── uglify-js@2.2.5
59 silly idealTree:prePrune ├── tryit@1.0.2
59 silly idealTree:prePrune ├── type-check@0.3.2
59 silly idealTree:prePrune ├── type-detect@0.1.1
59 silly idealTree:prePrune ├── type-is@1.6.13
59 silly idealTree:prePrune ├── typedarray@0.0.6
59 silly idealTree:prePrune ├── ua-parser-js@0.7.10
59 silly idealTree:prePrune ├── uglify-js@2.7.3
59 silly idealTree:prePrune ├── uglify-to-browserify@1.0.2
59 silly idealTree:prePrune ├── underscore@1.8.3
59 silly idealTree:prePrune ├── unpipe@1.0.0
59 silly idealTree:prePrune ├── update-notifier@0.3.2
59 silly idealTree:prePrune ├── user-home@1.1.1
59 silly idealTree:prePrune ├── util-deprecate@1.0.2
59 silly idealTree:prePrune ├── utils-merge@1.0.0
59 silly idealTree:prePrune ├── uuid@2.0.3
59 silly idealTree:prePrune ├── vary@1.1.0
59 silly idealTree:prePrune ├── void-elements@2.0.1
59 silly idealTree:prePrune ├── whatwg-fetch@1.0.0
59 silly idealTree:prePrune ├── window-size@0.1.0
59 silly idealTree:prePrune ├─┬ with@4.0.3
59 silly idealTree:prePrune │ └── acorn@1.2.2
59 silly idealTree:prePrune ├── wordwrap@0.0.3
59 silly idealTree:prePrune ├── wrappy@1.0.2
59 silly idealTree:prePrune ├── write@0.2.1
59 silly idealTree:prePrune ├── x-xss-protection@1.0.0
59 silly idealTree:prePrune ├── xdg-basedir@1.0.1
59 silly idealTree:prePrune ├── xtend@4.0.1
59 silly idealTree:prePrune └── yargs@3.10.0
60 silly loadIdealTree Finishing
61 silly currentTree Koa-RESTful-API@0.0.1
61 silly currentTree ├── @f/defaults@1.0.1
61 silly currentTree ├── @f/foreach-array@1.0.0
61 silly currentTree ├── @f/foreach-obj@1.1.1
61 silly currentTree ├── @f/foreach@1.2.2
61 silly currentTree ├── @f/is-array@1.1.1
61 silly currentTree ├── @f/is-function@1.1.1
61 silly currentTree ├── @f/is-object@1.1.4
61 silly currentTree ├── abbrev@1.0.9
61 silly currentTree ├── accepts@1.3.3
61 silly currentTree ├── acorn-globals@1.0.9
61 silly currentTree ├─┬ acorn-jsx@3.0.1
61 silly currentTree │ └── acorn@3.3.0
61 silly currentTree ├── acorn@2.7.0
61 silly currentTree ├── ajv-keywords@1.1.1
61 silly currentTree ├── ajv@4.7.4
61 silly currentTree ├── align-text@0.1.4
61 silly currentTree ├── amdefine@1.0.0
61 silly currentTree ├── ansi-escapes@1.4.0
61 silly currentTree ├── ansi-regex@2.0.0
61 silly currentTree ├── ansi-styles@2.2.1
61 silly currentTree ├── any-promise@1.3.0
61 silly currentTree ├── argparse@1.0.7
61 silly currentTree ├── array-union@1.0.2
61 silly currentTree ├── array-uniq@1.0.3
61 silly currentTree ├── arrify@1.0.1
61 silly currentTree ├── asap@1.0.0
61 silly currentTree ├── assertion-error@1.0.0
61 silly currentTree ├── async@0.2.10
61 silly currentTree ├── babel-code-frame@6.11.0
61 silly currentTree ├─┬ babel-core@6.14.0
61 silly currentTree │ └── lodash@4.16.2
61 silly currentTree ├─┬ babel-generator@6.14.0
61 silly currentTree │ └── lodash@4.16.2
61 silly currentTree ├── babel-helper-bindify-decorators@6.8.0
61 silly currentTree ├── babel-helper-builder-binary-assignment-operator-visitor@6.15.0
61 silly currentTree ├─┬ babel-helper-builder-react-jsx@6.9.0
61 silly currentTree │ └── lodash@4.16.2
61 silly currentTree ├── babel-helper-call-delegate@6.8.0
61 silly currentTree ├─┬ babel-helper-define-map@6.9.0
61 silly currentTree │ └── lodash@4.16.2
61 silly currentTree ├── babel-helper-explode-assignable-expression@6.8.0
61 silly currentTree ├── babel-helper-explode-class@6.8.0
61 silly currentTree ├── babel-helper-function-name@6.8.0
61 silly currentTree ├── babel-helper-get-function-arity@6.8.0
61 silly currentTree ├── babel-helper-hoist-variables@6.8.0
61 silly currentTree ├── babel-helper-optimise-call-expression@6.8.0
61 silly currentTree ├─┬ babel-helper-regex@6.9.0
61 silly currentTree │ └── lodash@4.16.2
61 silly currentTree ├── babel-helper-remap-async-to-generator@6.11.2
61 silly currentTree ├── babel-helper-replace-supers@6.14.0
61 silly currentTree ├── babel-helpers@6.8.0
61 silly currentTree ├── babel-messages@6.8.0
61 silly currentTree ├── babel-plugin-check-es2015-constants@6.8.0
61 silly currentTree ├── babel-plugin-syntax-async-functions@6.13.0
61 silly currentTree ├── babel-plugin-syntax-class-constructor-call@6.13.0
61 silly currentTree ├── babel-plugin-syntax-class-properties@6.13.0
61 silly currentTree ├── babel-plugin-syntax-decorators@6.13.0
61 silly currentTree ├── babel-plugin-syntax-do-expressions@6.13.0
61 silly currentTree ├── babel-plugin-syntax-exponentiation-operator@6.13.0
61 silly currentTree ├── babel-plugin-syntax-export-extensions@6.13.0
61 silly currentTree ├── babel-plugin-syntax-flow@6.13.0
61 silly currentTree ├── babel-plugin-syntax-function-bind@6.13.0
61 silly currentTree ├── babel-plugin-syntax-jsx@6.13.0
61 silly currentTree ├── babel-plugin-syntax-object-rest-spread@6.13.0
61 silly currentTree ├── babel-plugin-syntax-trailing-function-commas@6.13.0
61 silly currentTree ├── babel-plugin-transform-async-to-generator@6.8.0
61 silly currentTree ├── babel-plugin-transform-class-constructor-call@6.8.0
61 silly currentTree ├── babel-plugin-transform-class-properties@6.11.5
61 silly currentTree ├── babel-plugin-transform-decorators@6.13.0
61 silly currentTree ├── babel-plugin-transform-do-expressions@6.8.0
61 silly currentTree ├── babel-plugin-transform-es2015-arrow-functions@6.8.0
61 silly currentTree ├── babel-plugin-transform-es2015-block-scoped-functions@6.8.0
61 silly currentTree ├─┬ babel-plugin-transform-es2015-block-scoping@6.15.0
61 silly currentTree │ └── lodash@4.16.2
61 silly currentTree ├── babel-plugin-transform-es2015-classes@6.14.0
61 silly currentTree ├── babel-plugin-transform-es2015-computed-properties@6.8.0
61 silly currentTree ├── babel-plugin-transform-es2015-destructuring@6.9.0
61 silly currentTree ├── babel-plugin-transform-es2015-duplicate-keys@6.8.0
61 silly currentTree ├── babel-plugin-transform-es2015-for-of@6.8.0
61 silly currentTree ├── babel-plugin-transform-es2015-function-name@6.9.0
61 silly currentTree ├── babel-plugin-transform-es2015-literals@6.8.0
61 silly currentTree ├── babel-plugin-transform-es2015-modules-amd@6.8.0
61 silly currentTree ├── babel-plugin-transform-es2015-modules-commonjs@6.14.0
61 silly currentTree ├── babel-plugin-transform-es2015-modules-systemjs@6.14.0
61 silly currentTree ├── babel-plugin-transform-es2015-modules-umd@6.12.0
61 silly currentTree ├── babel-plugin-transform-es2015-object-super@6.8.0
61 silly currentTree ├── babel-plugin-transform-es2015-parameters@6.11.4
61 silly currentTree ├── babel-plugin-transform-es2015-shorthand-properties@6.8.0
61 silly currentTree ├── babel-plugin-transform-es2015-spread@6.8.0
61 silly currentTree ├── babel-plugin-transform-es2015-sticky-regex@6.8.0
61 silly currentTree ├── babel-plugin-transform-es2015-template-literals@6.8.0
61 silly currentTree ├── babel-plugin-transform-es2015-typeof-symbol@6.8.0
61 silly currentTree ├── babel-plugin-transform-es2015-unicode-regex@6.11.0
61 silly currentTree ├── babel-plugin-transform-exponentiation-operator@6.8.0
61 silly currentTree ├── babel-plugin-transform-export-extensions@6.8.0
61 silly currentTree ├── babel-plugin-transform-flow-strip-types@6.14.0
61 silly currentTree ├── babel-plugin-transform-function-bind@6.8.0
61 silly currentTree ├── babel-plugin-transform-object-rest-spread@6.8.0
61 silly currentTree ├── babel-plugin-transform-react-display-name@6.8.0
61 silly currentTree ├── babel-plugin-transform-react-jsx-self@6.11.0
61 silly currentTree ├── babel-plugin-transform-react-jsx-source@6.9.0
61 silly currentTree ├── babel-plugin-transform-react-jsx@6.8.0
61 silly currentTree ├── babel-plugin-transform-regenerator@6.14.0
61 silly currentTree ├── babel-plugin-transform-strict-mode@6.11.3
61 silly currentTree ├── babel-polyfill@6.13.0
61 silly currentTree ├── babel-preset-es2015@6.14.0
61 silly currentTree ├── babel-preset-react@6.11.1
61 silly currentTree ├── babel-preset-stage-0@6.5.0
61 silly currentTree ├── babel-preset-stage-1@6.13.0
61 silly currentTree ├── babel-preset-stage-2@6.13.0
61 silly currentTree ├── babel-preset-stage-3@6.11.0
61 silly currentTree ├─┬ babel-register@6.14.0
61 silly currentTree │ └── lodash@4.16.2
61 silly currentTree ├── babel-runtime@6.11.6
61 silly currentTree ├─┬ babel-template@6.15.0
61 silly currentTree │ └── lodash@4.16.2
61 silly currentTree ├─┬ babel-traverse@6.15.0
61 silly currentTree │ └── lodash@4.16.2
61 silly currentTree ├─┬ babel-types@6.15.0
61 silly currentTree │ └── lodash@4.16.2
61 silly currentTree ├── babylon@6.11.2
61 silly currentTree ├── balanced-match@0.4.2
61 silly currentTree ├── basic-auth@1.0.4
61 silly currentTree ├── bluebird@3.4.6
61 silly currentTree ├── brace-expansion@1.1.6
61 silly currentTree ├── bson@0.5.5
61 silly currentTree ├── buffer-shims@1.0.0
61 silly currentTree ├── builtin-modules@1.1.1
61 silly currentTree ├── bytes@2.4.0
61 silly currentTree ├── caller-path@0.1.0
61 silly currentTree ├── callsites@0.2.0
61 silly currentTree ├── camelcase@1.2.1
61 silly currentTree ├── camelize@1.0.0
61 silly currentTree ├── center-align@0.1.3
61 silly currentTree ├── chai-as-promised@5.3.0
61 silly currentTree ├── chai@2.3.0
61 silly currentTree ├── chalk@1.1.3
61 silly currentTree ├── character-parser@1.2.1
61 silly currentTree ├── circular-json@0.3.1
61 silly currentTree ├─┬ clean-css@3.4.20
61 silly currentTree │ ├── commander@2.8.1
61 silly currentTree │ └── source-map@0.4.4
61 silly currentTree ├── cli-cursor@1.0.2
61 silly currentTree ├── cli-width@2.1.0
61 silly currentTree ├─┬ cliui@2.1.0
61 silly currentTree │ └── wordwrap@0.0.2
61 silly currentTree ├── co-body@4.2.0
61 silly currentTree ├── co-render@1.1.0
61 silly currentTree ├── co-views@2.1.0
61 silly currentTree ├── co@4.6.0
61 silly currentTree ├── code-point-at@1.0.0
61 silly currentTree ├── combined-stream@0.0.7
61 silly currentTree ├── commander@2.6.0
61 silly currentTree ├── component-emitter@1.1.2
61 silly currentTree ├── composition@2.3.0
61 silly currentTree ├── concat-map@0.0.1
61 silly currentTree ├── concat-regexp@0.0.6
61 silly currentTree ├─┬ concat-stream@1.5.2
61 silly currentTree │ └── readable-stream@2.0.6
61 silly currentTree ├─┬ configstore@0.3.2
61 silly currentTree │ ├── graceful-fs@3.0.11
61 silly currentTree │ └── object-assign@2.1.1
61 silly currentTree ├── connect@3.4.1
61 silly currentTree ├── consolidate@0.14.1
61 silly currentTree ├── constantinople@3.0.2
61 silly currentTree ├── contains-path@0.1.0
61 silly currentTree ├── content-disposition@0.5.1
61 silly currentTree ├── content-security-policy-builder@1.0.0
61 silly currentTree ├── content-type@1.0.2
61 silly currentTree ├── convert-source-map@1.3.0
61 silly currentTree ├── cookiejar@2.0.1
61 silly currentTree ├── cookies@0.6.1
61 silly currentTree ├── copy-to@2.0.1
61 silly currentTree ├── core-js@2.4.1
61 silly currentTree ├── core-util-is@1.0.2
61 silly currentTree ├── css-parse@1.0.4
61 silly currentTree ├── css-stringify@1.0.5
61 silly currentTree ├── css@1.0.8
61 silly currentTree ├── d@0.1.1
61 silly currentTree ├── dashify@0.2.2
61 silly currentTree ├── debug@2.2.0
61 silly currentTree ├── decamelize@1.2.0
61 silly currentTree ├── deep-eql@0.1.3
61 silly currentTree ├── deep-equal@1.0.1
61 silly currentTree ├── deep-extend@0.4.1
61 silly currentTree ├── deep-is@0.1.3
61 silly currentTree ├── del@2.2.2
61 silly currentTree ├── delayed-stream@0.0.5
61 silly currentTree ├── delegates@1.0.0
61 silly currentTree ├── depd@1.1.0
61 silly currentTree ├── destroy@1.0.4
61 silly currentTree ├── detect-indent@3.0.1
61 silly currentTree ├── diff@1.4.0
61 silly currentTree ├── dns-prefetch-control@0.1.0
61 silly currentTree ├── doctrine@1.4.0
61 silly currentTree ├── dont-sniff-mimetype@1.0.0
61 silly currentTree ├── duplexify@3.4.5
61 silly currentTree ├── ee-first@1.1.1
61 silly currentTree ├── encoding@0.1.12
61 silly currentTree ├─┬ end-of-stream@1.0.0
61 silly currentTree │ └── once@1.3.3
61 silly currentTree ├── error-inject@1.0.0
61 silly currentTree ├── es5-ext@0.10.12
61 silly currentTree ├── es6-iterator@2.0.0
61 silly currentTree ├── es6-map@0.1.4
61 silly currentTree ├── es6-promise@4.0.5
61 silly currentTree ├── es6-set@0.1.4
61 silly currentTree ├── es6-symbol@3.1.0
61 silly currentTree ├── es6-weak-map@2.0.1
61 silly currentTree ├── escape-html@1.0.3
61 silly currentTree ├── escape-string-regexp@1.0.5
61 silly currentTree ├── escope@3.6.0
61 silly currentTree ├── eslint-config-airbnb-base@4.0.2
61 silly currentTree ├── eslint-import-resolver-node@0.2.3
61 silly currentTree ├─┬ eslint-plugin-import@1.16.0
61 silly currentTree │ └── doctrine@1.3.0
61 silly currentTree ├─┬ eslint@3.6.0
61 silly currentTree │ ├── glob@7.1.0
61 silly currentTree │ ├── globals@9.10.0
61 silly currentTree │ ├── lodash@4.16.2
61 silly currentTree │ └── user-home@2.0.0
61 silly currentTree ├─┬ espree@3.3.0
61 silly currentTree │ └── acorn@4.0.3
61 silly currentTree ├── esprima@2.7.3
61 silly currentTree ├─┬ esrecurse@4.1.0
61 silly currentTree │ └── estraverse@4.1.1
61 silly currentTree ├── estraverse@4.2.0
61 silly currentTree ├── esutils@2.0.2
61 silly currentTree ├── event-emitter@0.3.4
61 silly currentTree ├─┬ event-stream@0.5.3
61 silly currentTree │ └── optimist@0.2.8
61 silly currentTree ├── exit-hook@1.1.1
61 silly currentTree ├── extend@1.3.0
61 silly currentTree ├── fast-levenshtein@2.0.4
61 silly currentTree ├─┬ fbjs@0.8.4
61 silly currentTree │ ├── asap@2.0.5
61 silly currentTree │ ├── core-js@1.2.7
61 silly currentTree │ └── promise@7.1.1
61 silly currentTree ├── figures@1.7.0
61 silly currentTree ├── file-entry-cache@2.0.0
61 silly currentTree ├── finalhandler@0.4.1
61 silly currentTree ├─┬ find-up@1.1.2
61 silly currentTree │ └── path-exists@2.1.0
61 silly currentTree ├── flat-cache@1.2.1
61 silly currentTree ├─┬ form-data@0.1.3
61 silly currentTree │ └── async@0.9.2
61 silly currentTree ├── formidable@1.0.17
61 silly currentTree ├── frameguard@1.1.0
61 silly currentTree ├── fresh@0.3.0
61 silly currentTree ├── fs.realpath@1.0.0
61 silly currentTree ├── function-bind@1.1.0
61 silly currentTree ├── generate-function@2.0.0
61 silly currentTree ├── generate-object-property@1.2.0
61 silly currentTree ├── get-stdin@4.0.1
61 silly currentTree ├── glob@5.0.15
61 silly currentTree ├── globals@8.18.0
61 silly currentTree ├─┬ globby@5.0.0
61 silly currentTree │ └── glob@7.1.0
61 silly currentTree ├─┬ got@3.3.1
61 silly currentTree │ └── object-assign@3.0.0
61 silly currentTree ├── graceful-fs@4.1.6
61 silly currentTree ├── graceful-readlink@1.0.1
61 silly currentTree ├── growl@1.9.2
61 silly currentTree ├── has-ansi@2.0.0
61 silly currentTree ├── has@1.0.1
61 silly currentTree ├── hasha@2.2.0
61 silly currentTree ├── helmet-csp@1.1.0
61 silly currentTree ├── helmet@1.3.0
61 silly currentTree ├── hide-powered-by@1.0.0
61 silly currentTree ├── hoist-non-react-statics@1.2.0
61 silly currentTree ├── home-or-tmp@1.0.0
61 silly currentTree ├── hooks-fixed@1.2.0
61 silly currentTree ├── hpkp@1.1.0
61 silly currentTree ├── hsts@1.0.0
61 silly currentTree ├─┬ http-assert@1.2.0
61 silly currentTree │ └── http-errors@1.4.0
61 silly currentTree ├── http-errors@1.5.0
61 silly currentTree ├── iconv-lite@0.4.13
61 silly currentTree ├── ienoopen@1.0.0
61 silly currentTree ├── ignore@3.1.5
61 silly currentTree ├── immutable@3.8.1
61 silly currentTree ├── imurmurhash@0.1.4
61 silly currentTree ├── infinity-agent@2.0.3
61 silly currentTree ├── inflation@2.0.0
61 silly currentTree ├── inflight@1.0.5
61 silly currentTree ├── inherits@2.0.1
61 silly currentTree ├── ini@1.3.4
61 silly currentTree ├─┬ inquirer@0.12.0
61 silly currentTree │ └── lodash@4.16.2
61 silly currentTree ├── invariant@2.2.1
61 silly currentTree ├── is-buffer@1.1.4
61 silly currentTree ├── is-finite@1.0.1
61 silly currentTree ├── is-fullwidth-code-point@1.0.0
61 silly currentTree ├── is-my-json-valid@2.14.0
61 silly currentTree ├── is-npm@1.0.0
61 silly currentTree ├── is-path-cwd@1.0.0
61 silly currentTree ├── is-path-in-cwd@1.0.0
61 silly currentTree ├── is-path-inside@1.0.0
61 silly currentTree ├── is-promise@2.1.0
61 silly currentTree ├── is-property@1.0.2
61 silly currentTree ├── is-redirect@1.0.0
61 silly currentTree ├── is-resolvable@1.0.0
61 silly currentTree ├── is-stream@1.1.0
61 silly currentTree ├── isarray@1.0.0
61 silly currentTree ├── isomorphic-fetch@2.2.1
61 silly currentTree ├── jade@1.11.0
61 silly currentTree ├── js-tokens@2.0.0
61 silly currentTree ├── js-yaml@3.6.1
61 silly currentTree ├── jsesc@0.5.0
61 silly currentTree ├── json-stable-stringify@1.0.1
61 silly currentTree ├── json5@0.4.0
61 silly currentTree ├── jsonify@0.0.0
61 silly currentTree ├── jsonpointer@2.0.0
61 silly currentTree ├── jstransformer@0.0.2
61 silly currentTree ├── kareem@1.1.3
61 silly currentTree ├── keygrip@1.0.1
61 silly currentTree ├── kind-of@3.0.4
61 silly currentTree ├── koa-body@1.5.0
61 silly currentTree ├── koa-bodyparser@2.2.0
61 silly currentTree ├── koa-compose@2.4.0
61 silly currentTree ├── koa-cors@0.0.16
61 silly currentTree ├─┬ koa-docs@0.9.3
61 silly currentTree │ └── lodash@4.16.2
61 silly currentTree ├── koa-helmet@1.0.0
61 silly currentTree ├── koa-is-json@1.0.0
61 silly currentTree ├── koa-mongoose@1.0.9
61 silly currentTree ├── koa-morgan@0.1.0
61 silly currentTree ├── koa-mount@1.3.0
61 silly currentTree ├── koa-passport@1.3.1
61 silly currentTree ├── koa-router@4.3.2
61 silly currentTree ├── koa-send@3.1.1
61 silly currentTree ├── koa-session@3.3.1
61 silly currentTree ├── koa-static@2.0.0
61 silly currentTree ├── koa-views@4.1.0
61 silly currentTree ├── koa@1.2.0
61 silly currentTree ├── latest-version@1.0.1
61 silly currentTree ├── lazy-cache@1.0.4
61 silly currentTree ├── levn@0.3.0
61 silly currentTree ├── lodash-es@4.16.4
61 silly currentTree ├── lodash._baseeach@4.1.3
61 silly currentTree ├── lodash._baseiteratee@4.7.0
61 silly currentTree ├── lodash._basereduce@3.0.2
61 silly currentTree ├── lodash._basetostring@4.12.0
61 silly currentTree ├── lodash._stringtopath@4.8.0
61 silly currentTree ├── lodash.assign@4.0.4
61 silly currentTree ├── lodash.cond@4.5.2
61 silly currentTree ├── lodash.endswith@4.2.1
61 silly currentTree ├── lodash.find@4.6.0
61 silly currentTree ├── lodash.findindex@4.6.0
61 silly currentTree ├── lodash.isfunction@3.0.8
61 silly currentTree ├── lodash.isstring@4.0.1
61 silly currentTree ├── lodash.keys@4.2.0
61 silly currentTree ├── lodash.reduce@4.2.0
61 silly currentTree ├── lodash.rest@4.0.5
61 silly currentTree ├── lodash.some@4.2.0
61 silly currentTree ├── lodash@3.10.1
61 silly currentTree ├── longest@1.0.1
61 silly currentTree ├─┬ loose-envify@1.2.0
61 silly currentTree │ └── js-tokens@1.0.3
61 silly currentTree ├── lowercase-keys@1.0.0
61 silly currentTree ├── lru-cache@2.7.3
61 silly currentTree ├── marked@0.3.6
61 silly currentTree ├── media-typer@0.3.0
61 silly currentTree ├── methods@1.1.2
61 silly currentTree ├── mime-db@1.24.0
61 silly currentTree ├── mime-types@2.1.12
61 silly currentTree ├── mime@1.2.11
61 silly currentTree ├── minimatch@3.0.3
61 silly currentTree ├── minimist@1.2.0
61 silly currentTree ├── mithril-node-render@0.5.0
61 silly currentTree ├── mithril@0.2.5
61 silly currentTree ├─┬ mkdirp@0.5.1
61 silly currentTree │ └── minimist@0.0.8
61 silly currentTree ├─┬ mocha@2.5.3
61 silly currentTree │ ├── commander@2.3.0
61 silly currentTree │ ├── escape-string-regexp@1.0.2
61 silly currentTree │ ├── glob@3.2.11
61 silly currentTree │ ├─┬ jade@0.26.3
61 silly currentTree │ │ ├── commander@0.6.1
61 silly currentTree │ │ └── mkdirp@0.3.0
61 silly currentTree │ ├── minimatch@0.3.0
61 silly currentTree │ └── supports-color@1.2.0
61 silly currentTree ├── mongodb-core@2.0.12
61 silly currentTree ├─┬ mongodb@2.2.10
61 silly currentTree │ └── es6-promise@3.2.1
61 silly currentTree ├─┬ mongoose-paginate@5.0.0
61 silly currentTree │ └── bluebird@3.0.5
61 silly currentTree ├── mongoose-q@0.1.0
61 silly currentTree ├─┬ mongoose@4.6.1
61 silly currentTree │ └── async@1.5.2
61 silly currentTree ├── morgan@1.7.0
61 silly currentTree ├── mpath@0.2.1
61 silly currentTree ├── mpromise@0.5.5
61 silly currentTree ├─┬ mquery@1.11.0
61 silly currentTree │ ├── bluebird@2.10.2
61 silly currentTree │ └── sliced@0.0.5
61 silly currentTree ├── ms@0.7.1
61 silly currentTree ├── muri@1.1.0
61 silly currentTree ├── mute-stream@0.0.5
61 silly currentTree ├── mz@2.4.0
61 silly currentTree ├── natives@1.1.0
61 silly currentTree ├── natural-compare@1.4.0
61 silly currentTree ├── negotiator@0.6.1
61 silly currentTree ├── nested-error-stacks@1.0.2
61 silly currentTree ├── nocache@1.0.0
61 silly currentTree ├── node-fetch@1.6.3
61 silly currentTree ├─┬ nodemon@1.3.7
61 silly currentTree │ └── minimatch@0.3.0
61 silly currentTree ├── nopt@1.0.10
61 silly currentTree ├── number-is-nan@1.0.0
61 silly currentTree ├── object-assign@4.1.0
61 silly currentTree ├── on-finished@2.3.0
61 silly currentTree ├── on-headers@1.0.1
61 silly currentTree ├── once@1.4.0
61 silly currentTree ├── onetime@1.1.0
61 silly currentTree ├── only@0.0.2
61 silly currentTree ├── optimist@0.3.7
61 silly currentTree ├─┬ optionator@0.8.2
61 silly currentTree │ └── wordwrap@1.0.0
61 silly currentTree ├── os-homedir@1.0.1
61 silly currentTree ├── os-tmpdir@1.0.1
61 silly currentTree ├── osenv@0.1.3
61 silly currentTree ├── package-json@1.2.0
61 silly currentTree ├── parseurl@1.3.1
61 silly currentTree ├── passport-local@1.0.0
61 silly currentTree ├── passport-strategy@1.0.0
61 silly currentTree ├── passport@0.3.2
61 silly currentTree ├── path-exists@1.0.0
61 silly currentTree ├── path-is-absolute@1.0.0
61 silly currentTree ├── path-is-inside@1.0.2
61 silly currentTree ├─┬ path-to-regexp@1.5.3
61 silly currentTree │ └── isarray@0.0.1
61 silly currentTree ├── pause@0.0.1
61 silly currentTree ├── pify@2.3.0
61 silly currentTree ├── pinkie-promise@2.0.1
61 silly currentTree ├── pinkie@2.0.4
61 silly currentTree ├── pkg-dir@1.0.0
61 silly currentTree ├── pkg-up@1.0.0
61 silly currentTree ├── platform@1.3.1
61 silly currentTree ├── pluralize@1.2.1
61 silly currentTree ├── prelude-ls@1.1.2
61 silly currentTree ├── prepend-http@1.0.4
61 silly currentTree ├── private@0.1.6
61 silly currentTree ├── process-nextick-args@1.0.7
61 silly currentTree ├── progress@1.1.8
61 silly currentTree ├── promise@6.1.0
61 silly currentTree ├── ps-tree@0.0.3
61 silly currentTree ├── q@1.4.1
61 silly currentTree ├── qs@4.0.0
61 silly currentTree ├── raw-body@2.1.7
61 silly currentTree ├── rc@1.1.6
61 silly currentTree ├── react-dom@15.3.2
61 silly currentTree ├─┬ react-redux@4.4.5
61 silly currentTree │ └── lodash@4.16.4
61 silly currentTree ├── react@15.3.2
61 silly currentTree ├── read-all-stream@3.1.0
61 silly currentTree ├── readable-stream@2.1.5
61 silly currentTree ├── readline2@1.0.1
61 silly currentTree ├── reduce-component@1.0.1
61 silly currentTree ├── redux-thunk@2.1.0
61 silly currentTree ├─┬ redux@3.6.0
61 silly currentTree │ └── lodash@4.16.4
61 silly currentTree ├── regenerate@1.3.1
61 silly currentTree ├── regenerator-runtime@0.9.5
61 silly currentTree ├── regexp-clone@0.0.1
61 silly currentTree ├── regexpu-core@2.0.0
61 silly currentTree ├── registry-url@3.1.0
61 silly currentTree ├── regjsgen@0.2.0
61 silly currentTree ├── regjsparser@0.1.5
61 silly currentTree ├── repeat-string@1.5.4
61 silly currentTree ├── repeating@1.1.3
61 silly currentTree ├── require_optional@1.0.0
61 silly currentTree ├─┬ require-uncached@1.0.2
61 silly currentTree │ └── resolve-from@1.0.1
61 silly currentTree ├── resolve-from@2.0.0
61 silly currentTree ├── resolve-path@1.3.2
61 silly currentTree ├── resolve@1.1.7
61 silly currentTree ├── restore-cursor@1.0.1
61 silly currentTree ├── right-align@0.1.3
61 silly currentTree ├─┬ rimraf@2.5.4
61 silly currentTree │ └── glob@7.1.0
61 silly currentTree ├── run-async@0.1.0
61 silly currentTree ├── rx-lite@3.1.2
61 silly currentTree ├── semver-diff@2.1.0
61 silly currentTree ├── semver@5.3.0
61 silly currentTree ├── setprototypeof@1.0.1
61 silly currentTree ├── shebang-regex@1.0.0
61 silly currentTree ├── shelljs@0.6.1
61 silly currentTree ├── should-equal@0.3.1
61 silly currentTree ├── should-format@0.0.7
61 silly currentTree ├── should-type@0.0.4
61 silly currentTree ├── should@5.2.0
61 silly currentTree ├── sigmund@1.0.1
61 silly currentTree ├── slash@1.0.0
61 silly currentTree ├── slice-ansi@0.0.4
61 silly currentTree ├── sliced@1.0.1
61 silly currentTree ├─┬ source-map-support@0.2.10
61 silly currentTree │ └── source-map@0.1.32
61 silly currentTree ├── source-map@0.5.6
61 silly currentTree ├── sprintf-js@1.0.3
61 silly currentTree ├── statuses@1.3.0
61 silly currentTree ├── stream-shift@1.0.0
61 silly currentTree ├── string_decoder@0.10.31
61 silly currentTree ├── string-length@1.0.1
61 silly currentTree ├── string-width@1.0.2
61 silly currentTree ├── strip-ansi@3.0.1
61 silly currentTree ├── strip-bom@3.0.0
61 silly currentTree ├── strip-indent@2.0.0
61 silly currentTree ├── strip-json-comments@1.0.4
61 silly currentTree ├─┬ superagent@0.21.0
61 silly currentTree │ ├── extend@1.2.1
61 silly currentTree │ ├── formidable@1.0.14
61 silly currentTree │ ├── isarray@0.0.1
61 silly currentTree │ ├── methods@1.0.1
61 silly currentTree │ ├── qs@1.2.0
61 silly currentTree │ └── readable-stream@1.0.27-1
61 silly currentTree ├── supertest@0.15.0
61 silly currentTree ├── supports-color@2.0.0
61 silly currentTree ├── symbol-observable@1.0.2
61 silly currentTree ├─┬ table@3.8.0
61 silly currentTree │ └── lodash@4.16.2
61 silly currentTree ├── text-table@0.2.0
61 silly currentTree ├── thenify-all@1.6.0
61 silly currentTree ├── thenify@3.2.0
61 silly currentTree ├── through@2.3.8
61 silly currentTree ├── timed-out@2.0.0
61 silly currentTree ├── to-fast-properties@1.0.2
61 silly currentTree ├── to-iso-string@0.0.2
61 silly currentTree ├── touch@0.0.4
61 silly currentTree ├─┬ transformers@2.1.0
61 silly currentTree │ ├── is-promise@1.0.1
61 silly currentTree │ ├── promise@2.0.0
61 silly currentTree │ ├── source-map@0.1.43
61 silly currentTree │ └── uglify-js@2.2.5
61 silly currentTree ├── tryit@1.0.2
61 silly currentTree ├── type-check@0.3.2
61 silly currentTree ├── type-detect@0.1.1
61 silly currentTree ├── type-is@1.6.13
61 silly currentTree ├── typedarray@0.0.6
61 silly currentTree ├── ua-parser-js@0.7.10
61 silly currentTree ├── uglify-js@2.7.3
61 silly currentTree ├── uglify-to-browserify@1.0.2
61 silly currentTree ├── underscore@1.8.3
61 silly currentTree ├── unpipe@1.0.0
61 silly currentTree ├── update-notifier@0.3.2
61 silly currentTree ├── user-home@1.1.1
61 silly currentTree ├── util-deprecate@1.0.2
61 silly currentTree ├── utils-merge@1.0.0
61 silly currentTree ├── uuid@2.0.3
61 silly currentTree ├── vary@1.1.0
61 silly currentTree ├── void-elements@2.0.1
61 silly currentTree ├── whatwg-fetch@1.0.0
61 silly currentTree ├── window-size@0.1.0
61 silly currentTree ├─┬ with@4.0.3
61 silly currentTree │ └── acorn@1.2.2
61 silly currentTree ├── wordwrap@0.0.3
61 silly currentTree ├── wrappy@1.0.2
61 silly currentTree ├── write@0.2.1
61 silly currentTree ├── x-xss-protection@1.0.0
61 silly currentTree ├── xdg-basedir@1.0.1
61 silly currentTree ├── xtend@4.0.1
61 silly currentTree └── yargs@3.10.0
62 silly idealTree Koa-RESTful-API@0.0.1
62 silly idealTree ├── @f/defaults@1.0.1
62 silly idealTree ├── @f/foreach-array@1.0.0
62 silly idealTree ├── @f/foreach-obj@1.1.1
62 silly idealTree ├── @f/foreach@1.2.2
62 silly idealTree ├── @f/is-array@1.1.1
62 silly idealTree ├── @f/is-function@1.1.1
62 silly idealTree ├── @f/is-object@1.1.4
62 silly idealTree ├── abbrev@1.0.9
62 silly idealTree ├── accepts@1.3.3
62 silly idealTree ├── acorn-globals@1.0.9
62 silly idealTree ├─┬ acorn-jsx@3.0.1
62 silly idealTree │ └── acorn@3.3.0
62 silly idealTree ├── acorn@2.7.0
62 silly idealTree ├── ajv-keywords@1.1.1
62 silly idealTree ├── ajv@4.7.4
62 silly idealTree ├── align-text@0.1.4
62 silly idealTree ├── amdefine@1.0.0
62 silly idealTree ├── ansi-escapes@1.4.0
62 silly idealTree ├── ansi-regex@2.0.0
62 silly idealTree ├── ansi-styles@2.2.1
62 silly idealTree ├── any-promise@1.3.0
62 silly idealTree ├── argparse@1.0.7
62 silly idealTree ├── array-union@1.0.2
62 silly idealTree ├── array-uniq@1.0.3
62 silly idealTree ├── arrify@1.0.1
62 silly idealTree ├── asap@1.0.0
62 silly idealTree ├── assertion-error@1.0.0
62 silly idealTree ├── async@0.2.10
62 silly idealTree ├── babel-code-frame@6.11.0
62 silly idealTree ├─┬ babel-core@6.14.0
62 silly idealTree │ └── lodash@4.16.2
62 silly idealTree ├─┬ babel-generator@6.14.0
62 silly idealTree │ └── lodash@4.16.2
62 silly idealTree ├── babel-helper-bindify-decorators@6.8.0
62 silly idealTree ├── babel-helper-builder-binary-assignment-operator-visitor@6.15.0
62 silly idealTree ├─┬ babel-helper-builder-react-jsx@6.9.0
62 silly idealTree │ └── lodash@4.16.2
62 silly idealTree ├── babel-helper-call-delegate@6.8.0
62 silly idealTree ├─┬ babel-helper-define-map@6.9.0
62 silly idealTree │ └── lodash@4.16.2
62 silly idealTree ├── babel-helper-explode-assignable-expression@6.8.0
62 silly idealTree ├── babel-helper-explode-class@6.8.0
62 silly idealTree ├── babel-helper-function-name@6.8.0
62 silly idealTree ├── babel-helper-get-function-arity@6.8.0
62 silly idealTree ├── babel-helper-hoist-variables@6.8.0
62 silly idealTree ├── babel-helper-optimise-call-expression@6.8.0
62 silly idealTree ├─┬ babel-helper-regex@6.9.0
62 silly idealTree │ └── lodash@4.16.2
62 silly idealTree ├── babel-helper-remap-async-to-generator@6.11.2
62 silly idealTree ├── babel-helper-replace-supers@6.14.0
62 silly idealTree ├── babel-helpers@6.8.0
62 silly idealTree ├── babel-messages@6.8.0
62 silly idealTree ├── babel-plugin-check-es2015-constants@6.8.0
62 silly idealTree ├── babel-plugin-syntax-async-functions@6.13.0
62 silly idealTree ├── babel-plugin-syntax-class-constructor-call@6.13.0
62 silly idealTree ├── babel-plugin-syntax-class-properties@6.13.0
62 silly idealTree ├── babel-plugin-syntax-decorators@6.13.0
62 silly idealTree ├── babel-plugin-syntax-do-expressions@6.13.0
62 silly idealTree ├── babel-plugin-syntax-exponentiation-operator@6.13.0
62 silly idealTree ├── babel-plugin-syntax-export-extensions@6.13.0
62 silly idealTree ├── babel-plugin-syntax-flow@6.13.0
62 silly idealTree ├── babel-plugin-syntax-function-bind@6.13.0
62 silly idealTree ├── babel-plugin-syntax-jsx@6.13.0
62 silly idealTree ├── babel-plugin-syntax-object-rest-spread@6.13.0
62 silly idealTree ├── babel-plugin-syntax-trailing-function-commas@6.13.0
62 silly idealTree ├── babel-plugin-transform-async-to-generator@6.8.0
62 silly idealTree ├── babel-plugin-transform-class-constructor-call@6.8.0
62 silly idealTree ├── babel-plugin-transform-class-properties@6.11.5
62 silly idealTree ├── babel-plugin-transform-decorators@6.13.0
62 silly idealTree ├── babel-plugin-transform-do-expressions@6.8.0
62 silly idealTree ├── babel-plugin-transform-es2015-arrow-functions@6.8.0
62 silly idealTree ├── babel-plugin-transform-es2015-block-scoped-functions@6.8.0
62 silly idealTree ├─┬ babel-plugin-transform-es2015-block-scoping@6.15.0
62 silly idealTree │ └── lodash@4.16.2
62 silly idealTree ├── babel-plugin-transform-es2015-classes@6.14.0
62 silly idealTree ├── babel-plugin-transform-es2015-computed-properties@6.8.0
62 silly idealTree ├── babel-plugin-transform-es2015-destructuring@6.9.0
62 silly idealTree ├── babel-plugin-transform-es2015-duplicate-keys@6.8.0
62 silly idealTree ├── babel-plugin-transform-es2015-for-of@6.8.0
62 silly idealTree ├── babel-plugin-transform-es2015-function-name@6.9.0
62 silly idealTree ├── babel-plugin-transform-es2015-literals@6.8.0
62 silly idealTree ├── babel-plugin-transform-es2015-modules-amd@6.8.0
62 silly idealTree ├── babel-plugin-transform-es2015-modules-commonjs@6.14.0
62 silly idealTree ├── babel-plugin-transform-es2015-modules-systemjs@6.14.0
62 silly idealTree ├── babel-plugin-transform-es2015-modules-umd@6.12.0
62 silly idealTree ├── babel-plugin-transform-es2015-object-super@6.8.0
62 silly idealTree ├── babel-plugin-transform-es2015-parameters@6.11.4
62 silly idealTree ├── babel-plugin-transform-es2015-shorthand-properties@6.8.0
62 silly idealTree ├── babel-plugin-transform-es2015-spread@6.8.0
62 silly idealTree ├── babel-plugin-transform-es2015-sticky-regex@6.8.0
62 silly idealTree ├── babel-plugin-transform-es2015-template-literals@6.8.0
62 silly idealTree ├── babel-plugin-transform-es2015-typeof-symbol@6.8.0
62 silly idealTree ├── babel-plugin-transform-es2015-unicode-regex@6.11.0
62 silly idealTree ├── babel-plugin-transform-exponentiation-operator@6.8.0
62 silly idealTree ├── babel-plugin-transform-export-extensions@6.8.0
62 silly idealTree ├── babel-plugin-transform-flow-strip-types@6.14.0
62 silly idealTree ├── babel-plugin-transform-function-bind@6.8.0
62 silly idealTree ├── babel-plugin-transform-object-rest-spread@6.8.0
62 silly idealTree ├── babel-plugin-transform-react-display-name@6.8.0
62 silly idealTree ├── babel-plugin-transform-react-jsx-self@6.11.0
62 silly idealTree ├── babel-plugin-transform-react-jsx-source@6.9.0
62 silly idealTree ├── babel-plugin-transform-react-jsx@6.8.0
62 silly idealTree ├── babel-plugin-transform-regenerator@6.14.0
62 silly idealTree ├── babel-plugin-transform-strict-mode@6.11.3
62 silly idealTree ├── babel-polyfill@6.13.0
62 silly idealTree ├── babel-preset-es2015@6.14.0
62 silly idealTree ├── babel-preset-react@6.11.1
62 silly idealTree ├── babel-preset-stage-0@6.5.0
62 silly idealTree ├── babel-preset-stage-1@6.13.0
62 silly idealTree ├── babel-preset-stage-2@6.13.0
62 silly idealTree ├── babel-preset-stage-3@6.11.0
62 silly idealTree ├─┬ babel-register@6.14.0
62 silly idealTree │ └── lodash@4.16.2
62 silly idealTree ├── babel-runtime@6.11.6
62 silly idealTree ├─┬ babel-template@6.15.0
62 silly idealTree │ └── lodash@4.16.2
62 silly idealTree ├─┬ babel-traverse@6.15.0
62 silly idealTree │ └── lodash@4.16.2
62 silly idealTree ├─┬ babel-types@6.15.0
62 silly idealTree │ └── lodash@4.16.2
62 silly idealTree ├── babylon@6.11.2
62 silly idealTree ├── balanced-match@0.4.2
62 silly idealTree ├── basic-auth@1.0.4
62 silly idealTree ├── bluebird@3.4.6
62 silly idealTree ├── brace-expansion@1.1.6
62 silly idealTree ├── bson@0.5.5
62 silly idealTree ├── buffer-shims@1.0.0
62 silly idealTree ├── builtin-modules@1.1.1
62 silly idealTree ├── bytes@2.4.0
62 silly idealTree ├── caller-path@0.1.0
62 silly idealTree ├── callsites@0.2.0
62 silly idealTree ├── camelcase@1.2.1
62 silly idealTree ├── camelize@1.0.0
62 silly idealTree ├── center-align@0.1.3
62 silly idealTree ├── chai-as-promised@5.3.0
62 silly idealTree ├── chai@2.3.0
62 silly idealTree ├── chalk@1.1.3
62 silly idealTree ├── character-parser@1.2.1
62 silly idealTree ├── circular-json@0.3.1
62 silly idealTree ├─┬ clean-css@3.4.20
62 silly idealTree │ ├── commander@2.8.1
62 silly idealTree │ └── source-map@0.4.4
62 silly idealTree ├── cli-cursor@1.0.2
62 silly idealTree ├── cli-width@2.1.0
62 silly idealTree ├─┬ cliui@2.1.0
62 silly idealTree │ └── wordwrap@0.0.2
62 silly idealTree ├── co-body@4.2.0
62 silly idealTree ├── co-render@1.1.0
62 silly idealTree ├── co-views@2.1.0
62 silly idealTree ├── co@4.6.0
62 silly idealTree ├── code-point-at@1.0.0
62 silly idealTree ├── combined-stream@0.0.7
62 silly idealTree ├── commander@2.6.0
62 silly idealTree ├── component-emitter@1.1.2
62 silly idealTree ├── composition@2.3.0
62 silly idealTree ├── concat-map@0.0.1
62 silly idealTree ├── concat-regexp@0.0.6
62 silly idealTree ├─┬ concat-stream@1.5.2
62 silly idealTree │ └── readable-stream@2.0.6
62 silly idealTree ├─┬ configstore@0.3.2
62 silly idealTree │ ├── graceful-fs@3.0.11
62 silly idealTree │ └── object-assign@2.1.1
62 silly idealTree ├── connect@3.4.1
62 silly idealTree ├── consolidate@0.14.1
62 silly idealTree ├── constantinople@3.0.2
62 silly idealTree ├── contains-path@0.1.0
62 silly idealTree ├── content-disposition@0.5.1
62 silly idealTree ├── content-security-policy-builder@1.0.0
62 silly idealTree ├── content-type@1.0.2
62 silly idealTree ├── convert-source-map@1.3.0
62 silly idealTree ├── cookiejar@2.0.1
62 silly idealTree ├── cookies@0.6.1
62 silly idealTree ├── copy-to@2.0.1
62 silly idealTree ├── core-js@2.4.1
62 silly idealTree ├── core-util-is@1.0.2
62 silly idealTree ├── css-parse@1.0.4
62 silly idealTree ├── css-stringify@1.0.5
62 silly idealTree ├── css@1.0.8
62 silly idealTree ├── d@0.1.1
62 silly idealTree ├── dashify@0.2.2
62 silly idealTree ├── debug@2.2.0
62 silly idealTree ├── decamelize@1.2.0
62 silly idealTree ├── deep-eql@0.1.3
62 silly idealTree ├── deep-equal@1.0.1
62 silly idealTree ├── deep-extend@0.4.1
62 silly idealTree ├── deep-is@0.1.3
62 silly idealTree ├── del@2.2.2
62 silly idealTree ├── delayed-stream@0.0.5
62 silly idealTree ├── delegates@1.0.0
62 silly idealTree ├── depd@1.1.0
62 silly idealTree ├── destroy@1.0.4
62 silly idealTree ├── detect-indent@3.0.1
62 silly idealTree ├── diff@1.4.0
62 silly idealTree ├── dns-prefetch-control@0.1.0
62 silly idealTree ├── doctrine@1.4.0
62 silly idealTree ├── dont-sniff-mimetype@1.0.0
62 silly idealTree ├── duplexify@3.4.5
62 silly idealTree ├── ee-first@1.1.1
62 silly idealTree ├── encoding@0.1.12
62 silly idealTree ├─┬ end-of-stream@1.0.0
62 silly idealTree │ └── once@1.3.3
62 silly idealTree ├── error-inject@1.0.0
62 silly idealTree ├── es5-ext@0.10.12
62 silly idealTree ├── es6-iterator@2.0.0
62 silly idealTree ├── es6-map@0.1.4
62 silly idealTree ├── es6-promise@4.0.5
62 silly idealTree ├── es6-set@0.1.4
62 silly idealTree ├── es6-symbol@3.1.0
62 silly idealTree ├── es6-weak-map@2.0.1
62 silly idealTree ├── escape-html@1.0.3
62 silly idealTree ├── escape-string-regexp@1.0.5
62 silly idealTree ├── escope@3.6.0
62 silly idealTree ├── eslint-config-airbnb-base@4.0.2
62 silly idealTree ├── eslint-import-resolver-node@0.2.3
62 silly idealTree ├─┬ eslint-plugin-import@1.16.0
62 silly idealTree │ └── doctrine@1.3.0
62 silly idealTree ├─┬ eslint@3.6.0
62 silly idealTree │ ├── glob@7.1.0
62 silly idealTree │ ├── globals@9.10.0
62 silly idealTree │ ├── lodash@4.16.2
62 silly idealTree │ └── user-home@2.0.0
62 silly idealTree ├─┬ espree@3.3.0
62 silly idealTree │ └── acorn@4.0.3
62 silly idealTree ├── esprima@2.7.3
62 silly idealTree ├─┬ esrecurse@4.1.0
62 silly idealTree │ └── estraverse@4.1.1
62 silly idealTree ├── estraverse@4.2.0
62 silly idealTree ├── esutils@2.0.2
62 silly idealTree ├── event-emitter@0.3.4
62 silly idealTree ├─┬ event-stream@0.5.3
62 silly idealTree │ └── optimist@0.2.8
62 silly idealTree ├── exit-hook@1.1.1
62 silly idealTree ├── extend@1.3.0
62 silly idealTree ├── fast-levenshtein@2.0.4
62 silly idealTree ├─┬ fbjs@0.8.4
62 silly idealTree │ ├── asap@2.0.5
62 silly idealTree │ ├── core-js@1.2.7
62 silly idealTree │ └── promise@7.1.1
62 silly idealTree ├── figures@1.7.0
62 silly idealTree ├── file-entry-cache@2.0.0
62 silly idealTree ├── finalhandler@0.4.1
62 silly idealTree ├─┬ find-up@1.1.2
62 silly idealTree │ └── path-exists@2.1.0
62 silly idealTree ├── flat-cache@1.2.1
62 silly idealTree ├─┬ form-data@0.1.3
62 silly idealTree │ └── async@0.9.2
62 silly idealTree ├── formidable@1.0.17
62 silly idealTree ├── frameguard@1.1.0
62 silly idealTree ├── fresh@0.3.0
62 silly idealTree ├── fs.realpath@1.0.0
62 silly idealTree ├── function-bind@1.1.0
62 silly idealTree ├── generate-function@2.0.0
62 silly idealTree ├── generate-object-property@1.2.0
62 silly idealTree ├── get-stdin@4.0.1
62 silly idealTree ├── glob@5.0.15
62 silly idealTree ├── globals@8.18.0
62 silly idealTree ├─┬ globby@5.0.0
62 silly idealTree │ └── glob@7.1.0
62 silly idealTree ├─┬ got@3.3.1
62 silly idealTree │ └── object-assign@3.0.0
62 silly idealTree ├── graceful-fs@4.1.6
62 silly idealTree ├── graceful-readlink@1.0.1
62 silly idealTree ├── growl@1.9.2
62 silly idealTree ├── has-ansi@2.0.0
62 silly idealTree ├── has@1.0.1
62 silly idealTree ├── hasha@2.2.0
62 silly idealTree ├── helmet-csp@1.1.0
62 silly idealTree ├── helmet@1.3.0
62 silly idealTree ├── hide-powered-by@1.0.0
62 silly idealTree ├── hoist-non-react-statics@1.2.0
62 silly idealTree ├── home-or-tmp@1.0.0
62 silly idealTree ├── hooks-fixed@1.2.0
62 silly idealTree ├── hpkp@1.1.0
62 silly idealTree ├── hsts@1.0.0
62 silly idealTree ├─┬ http-assert@1.2.0
62 silly idealTree │ └── http-errors@1.4.0
62 silly idealTree ├── http-errors@1.5.0
62 silly idealTree ├── iconv-lite@0.4.13
62 silly idealTree ├── ienoopen@1.0.0
62 silly idealTree ├── ignore@3.1.5
62 silly idealTree ├── immutable@3.8.1
62 silly idealTree ├── imurmurhash@0.1.4
62 silly idealTree ├── infinity-agent@2.0.3
62 silly idealTree ├── inflation@2.0.0
62 silly idealTree ├── inflight@1.0.5
62 silly idealTree ├── inherits@2.0.1
62 silly idealTree ├── ini@1.3.4
62 silly idealTree ├─┬ inquirer@0.12.0
62 silly idealTree │ └── lodash@4.16.2
62 silly idealTree ├── invariant@2.2.1
62 silly idealTree ├── is-buffer@1.1.4
62 silly idealTree ├── is-finite@1.0.1
62 silly idealTree ├── is-fullwidth-code-point@1.0.0
62 silly idealTree ├── is-my-json-valid@2.14.0
62 silly idealTree ├── is-npm@1.0.0
62 silly idealTree ├── is-path-cwd@1.0.0
62 silly idealTree ├── is-path-in-cwd@1.0.0
62 silly idealTree ├── is-path-inside@1.0.0
62 silly idealTree ├── is-promise@2.1.0
62 silly idealTree ├── is-property@1.0.2
62 silly idealTree ├── is-redirect@1.0.0
62 silly idealTree ├── is-resolvable@1.0.0
62 silly idealTree ├── is-stream@1.1.0
62 silly idealTree ├── isarray@1.0.0
62 silly idealTree ├── isomorphic-fetch@2.2.1
62 silly idealTree ├── jade@1.11.0
62 silly idealTree ├── js-tokens@2.0.0
62 silly idealTree ├── js-yaml@3.6.1
62 silly idealTree ├── jsesc@0.5.0
62 silly idealTree ├── json-stable-stringify@1.0.1
62 silly idealTree ├── json5@0.4.0
62 silly idealTree ├── jsonify@0.0.0
62 silly idealTree ├── jsonpointer@2.0.0
62 silly idealTree ├── jstransformer@0.0.2
62 silly idealTree ├── kareem@1.1.3
62 silly idealTree ├── keygrip@1.0.1
62 silly idealTree ├── kind-of@3.0.4
62 silly idealTree ├── koa-body@1.5.0
62 silly idealTree ├── koa-bodyparser@2.2.0
62 silly idealTree ├── koa-compose@2.4.0
62 silly idealTree ├── koa-cors@0.0.16
62 silly idealTree ├─┬ koa-docs@0.9.3
62 silly idealTree │ └── lodash@4.16.2
62 silly idealTree ├── koa-helmet@1.0.0
62 silly idealTree ├── koa-is-json@1.0.0
62 silly idealTree ├── koa-mongoose@1.0.9
62 silly idealTree ├── koa-morgan@0.1.0
62 silly idealTree ├── koa-mount@1.3.0
62 silly idealTree ├── koa-passport@1.3.1
62 silly idealTree ├── koa-router@4.3.2
62 silly idealTree ├── koa-send@3.1.1
62 silly idealTree ├── koa-session@3.3.1
62 silly idealTree ├── koa-static@2.0.0
62 silly idealTree ├── koa-views@4.1.0
62 silly idealTree ├── koa@1.2.0
62 silly idealTree ├── latest-version@1.0.1
62 silly idealTree ├── lazy-cache@1.0.4
62 silly idealTree ├── levn@0.3.0
62 silly idealTree ├── lodash-es@4.16.4
62 silly idealTree ├── lodash._baseeach@4.1.3
62 silly idealTree ├── lodash._baseiteratee@4.7.0
62 silly idealTree ├── lodash._basereduce@3.0.2
62 silly idealTree ├── lodash._basetostring@4.12.0
62 silly idealTree ├── lodash._stringtopath@4.8.0
62 silly idealTree ├── lodash.assign@4.0.4
62 silly idealTree ├── lodash.cond@4.5.2
62 silly idealTree ├── lodash.endswith@4.2.1
62 silly idealTree ├── lodash.find@4.6.0
62 silly idealTree ├── lodash.findindex@4.6.0
62 silly idealTree ├── lodash.isfunction@3.0.8
62 silly idealTree ├── lodash.isstring@4.0.1
62 silly idealTree ├── lodash.keys@4.2.0
62 silly idealTree ├── lodash.reduce@4.2.0
62 silly idealTree ├── lodash.rest@4.0.5
62 silly idealTree ├── lodash.some@4.2.0
62 silly idealTree ├── lodash@3.10.1
62 silly idealTree ├── longest@1.0.1
62 silly idealTree ├─┬ loose-envify@1.2.0
62 silly idealTree │ └── js-tokens@1.0.3
62 silly idealTree ├── lowercase-keys@1.0.0
62 silly idealTree ├── lru-cache@2.7.3
62 silly idealTree ├── marked@0.3.6
62 silly idealTree ├── media-typer@0.3.0
62 silly idealTree ├── methods@1.1.2
62 silly idealTree ├── mime-db@1.24.0
62 silly idealTree ├── mime-types@2.1.12
62 silly idealTree ├── mime@1.2.11
62 silly idealTree ├── minimatch@3.0.3
62 silly idealTree ├── minimist@1.2.0
62 silly idealTree ├── mithril-node-render@0.5.0
62 silly idealTree ├── mithril@0.2.5
62 silly idealTree ├─┬ mkdirp@0.5.1
62 silly idealTree │ └── minimist@0.0.8
62 silly idealTree ├─┬ mocha@2.5.3
62 silly idealTree │ ├── commander@2.3.0
62 silly idealTree │ ├── escape-string-regexp@1.0.2
62 silly idealTree │ ├── glob@3.2.11
62 silly idealTree │ ├─┬ jade@0.26.3
62 silly idealTree │ │ ├── commander@0.6.1
62 silly idealTree │ │ └── mkdirp@0.3.0
62 silly idealTree │ ├── minimatch@0.3.0
62 silly idealTree │ └── supports-color@1.2.0
62 silly idealTree ├── mongodb-core@2.0.12
62 silly idealTree ├─┬ mongodb@2.2.10
62 silly idealTree │ └── es6-promise@3.2.1
62 silly idealTree ├─┬ mongoose-paginate@5.0.0
62 silly idealTree │ └── bluebird@3.0.5
62 silly idealTree ├── mongoose-q@0.1.0
62 silly idealTree ├─┬ mongoose@4.6.1
62 silly idealTree │ └── async@1.5.2
62 silly idealTree ├── morgan@1.7.0
62 silly idealTree ├── mpath@0.2.1
62 silly idealTree ├── mpromise@0.5.5
62 silly idealTree ├─┬ mquery@1.11.0
62 silly idealTree │ ├── bluebird@2.10.2
62 silly idealTree │ └── sliced@0.0.5
62 silly idealTree ├── ms@0.7.1
62 silly idealTree ├── muri@1.1.0
62 silly idealTree ├── mute-stream@0.0.5
62 silly idealTree ├── mz@2.4.0
62 silly idealTree ├── natives@1.1.0
62 silly idealTree ├── natural-compare@1.4.0
62 silly idealTree ├── negotiator@0.6.1
62 silly idealTree ├── nested-error-stacks@1.0.2
62 silly idealTree ├── nocache@1.0.0
62 silly idealTree ├── node-fetch@1.6.3
62 silly idealTree ├─┬ nodemon@1.3.7
62 silly idealTree │ └── minimatch@0.3.0
62 silly idealTree ├── nopt@1.0.10
62 silly idealTree ├── number-is-nan@1.0.0
62 silly idealTree ├── object-assign@4.1.0
62 silly idealTree ├── on-finished@2.3.0
62 silly idealTree ├── on-headers@1.0.1
62 silly idealTree ├── once@1.4.0
62 silly idealTree ├── onetime@1.1.0
62 silly idealTree ├── only@0.0.2
62 silly idealTree ├── optimist@0.3.7
62 silly idealTree ├─┬ optionator@0.8.2
62 silly idealTree │ └── wordwrap@1.0.0
62 silly idealTree ├── os-homedir@1.0.1
62 silly idealTree ├── os-tmpdir@1.0.1
62 silly idealTree ├── osenv@0.1.3
62 silly idealTree ├── package-json@1.2.0
62 silly idealTree ├── parseurl@1.3.1
62 silly idealTree ├── passport-local@1.0.0
62 silly idealTree ├── passport-strategy@1.0.0
62 silly idealTree ├── passport@0.3.2
62 silly idealTree ├── path-exists@1.0.0
62 silly idealTree ├── path-is-absolute@1.0.0
62 silly idealTree ├── path-is-inside@1.0.2
62 silly idealTree ├─┬ path-to-regexp@1.5.3
62 silly idealTree │ └── isarray@0.0.1
62 silly idealTree ├── pause@0.0.1
62 silly idealTree ├── pify@2.3.0
62 silly idealTree ├── pinkie-promise@2.0.1
62 silly idealTree ├── pinkie@2.0.4
62 silly idealTree ├── pkg-dir@1.0.0
62 silly idealTree ├── pkg-up@1.0.0
62 silly idealTree ├── platform@1.3.1
62 silly idealTree ├── pluralize@1.2.1
62 silly idealTree ├── prelude-ls@1.1.2
62 silly idealTree ├── prepend-http@1.0.4
62 silly idealTree ├── private@0.1.6
62 silly idealTree ├── process-nextick-args@1.0.7
62 silly idealTree ├── progress@1.1.8
62 silly idealTree ├── promise@6.1.0
62 silly idealTree ├── ps-tree@0.0.3
62 silly idealTree ├── q@1.4.1
62 silly idealTree ├── qs@4.0.0
62 silly idealTree ├── raw-body@2.1.7
62 silly idealTree ├── rc@1.1.6
62 silly idealTree ├── react-dom@15.3.2
62 silly idealTree ├─┬ react-redux@4.4.5
62 silly idealTree │ └── lodash@4.16.4
62 silly idealTree ├── react@15.3.2
62 silly idealTree ├── read-all-stream@3.1.0
62 silly idealTree ├── readable-stream@2.1.5
62 silly idealTree ├── readline2@1.0.1
62 silly idealTree ├── reduce-component@1.0.1
62 silly idealTree ├── redux-thunk@2.1.0
62 silly idealTree ├─┬ redux@3.6.0
62 silly idealTree │ └── lodash@4.16.4
62 silly idealTree ├── regenerate@1.3.1
62 silly idealTree ├── regenerator-runtime@0.9.5
62 silly idealTree ├── regexp-clone@0.0.1
62 silly idealTree ├── regexpu-core@2.0.0
62 silly idealTree ├── registry-url@3.1.0
62 silly idealTree ├── regjsgen@0.2.0
62 silly idealTree ├── regjsparser@0.1.5
62 silly idealTree ├── repeat-string@1.5.4
62 silly idealTree ├── repeating@1.1.3
62 silly idealTree ├── require_optional@1.0.0
62 silly idealTree ├─┬ require-uncached@1.0.2
62 silly idealTree │ └── resolve-from@1.0.1
62 silly idealTree ├── resolve-from@2.0.0
62 silly idealTree ├── resolve-path@1.3.2
62 silly idealTree ├── resolve@1.1.7
62 silly idealTree ├── restore-cursor@1.0.1
62 silly idealTree ├── right-align@0.1.3
62 silly idealTree ├─┬ rimraf@2.5.4
62 silly idealTree │ └── glob@7.1.0
62 silly idealTree ├── run-async@0.1.0
62 silly idealTree ├── rx-lite@3.1.2
62 silly idealTree ├── semver-diff@2.1.0
62 silly idealTree ├── semver@5.3.0
62 silly idealTree ├── setprototypeof@1.0.1
62 silly idealTree ├── shebang-regex@1.0.0
62 silly idealTree ├── shelljs@0.6.1
62 silly idealTree ├── should-equal@0.3.1
62 silly idealTree ├── should-format@0.0.7
62 silly idealTree ├── should-type@0.0.4
62 silly idealTree ├── should@5.2.0
62 silly idealTree ├── sigmund@1.0.1
62 silly idealTree ├── slash@1.0.0
62 silly idealTree ├── slice-ansi@0.0.4
62 silly idealTree ├── sliced@1.0.1
62 silly idealTree ├─┬ source-map-support@0.2.10
62 silly idealTree │ └── source-map@0.1.32
62 silly idealTree ├── source-map@0.5.6
62 silly idealTree ├── sprintf-js@1.0.3
62 silly idealTree ├── statuses@1.3.0
62 silly idealTree ├── stream-shift@1.0.0
62 silly idealTree ├── string_decoder@0.10.31
62 silly idealTree ├── string-length@1.0.1
62 silly idealTree ├── string-width@1.0.2
62 silly idealTree ├── strip-ansi@3.0.1
62 silly idealTree ├── strip-bom@3.0.0
62 silly idealTree ├── strip-indent@2.0.0
62 silly idealTree ├── strip-json-comments@1.0.4
62 silly idealTree ├─┬ superagent@0.21.0
62 silly idealTree │ ├── extend@1.2.1
62 silly idealTree │ ├── formidable@1.0.14
62 silly idealTree │ ├── isarray@0.0.1
62 silly idealTree │ ├── methods@1.0.1
62 silly idealTree │ ├── qs@1.2.0
62 silly idealTree │ └── readable-stream@1.0.27-1
62 silly idealTree ├── supertest@0.15.0
62 silly idealTree ├── supports-color@2.0.0
62 silly idealTree ├── symbol-observable@1.0.2
62 silly idealTree ├─┬ table@3.8.0
62 silly idealTree │ └── lodash@4.16.2
62 silly idealTree ├── text-table@0.2.0
62 silly idealTree ├── thenify-all@1.6.0
62 silly idealTree ├── thenify@3.2.0
62 silly idealTree ├── through@2.3.8
62 silly idealTree ├── timed-out@2.0.0
62 silly idealTree ├── to-fast-properties@1.0.2
62 silly idealTree ├── to-iso-string@0.0.2
62 silly idealTree ├── touch@0.0.4
62 silly idealTree ├─┬ transformers@2.1.0
62 silly idealTree │ ├── is-promise@1.0.1
62 silly idealTree │ ├── promise@2.0.0
62 silly idealTree │ ├── source-map@0.1.43
62 silly idealTree │ └── uglify-js@2.2.5
62 silly idealTree ├── tryit@1.0.2
62 silly idealTree ├── type-check@0.3.2
62 silly idealTree ├── type-detect@0.1.1
62 silly idealTree ├── type-is@1.6.13
62 silly idealTree ├── typedarray@0.0.6
62 silly idealTree ├── ua-parser-js@0.7.10
62 silly idealTree ├── uglify-js@2.7.3
62 silly idealTree ├── uglify-to-browserify@1.0.2
62 silly idealTree ├── underscore@1.8.3
62 silly idealTree ├── unpipe@1.0.0
62 silly idealTree ├── update-notifier@0.3.2
62 silly idealTree ├── user-home@1.1.1
62 silly idealTree ├── util-deprecate@1.0.2
62 silly idealTree ├── utils-merge@1.0.0
62 silly idealTree ├── uuid@2.0.3
62 silly idealTree ├── vary@1.1.0
62 silly idealTree ├── void-elements@2.0.1
62 silly idealTree ├── whatwg-fetch@1.0.0
62 silly idealTree ├── window-size@0.1.0
62 silly idealTree ├─┬ with@4.0.3
62 silly idealTree │ └── acorn@1.2.2
62 silly idealTree ├── wordwrap@0.0.3
62 silly idealTree ├── wrappy@1.0.2
62 silly idealTree ├── write@0.2.1
62 silly idealTree ├── x-xss-protection@1.0.0
62 silly idealTree ├── xdg-basedir@1.0.1
62 silly idealTree ├── xtend@4.0.1
62 silly idealTree └── yargs@3.10.0
63 silly generateActionsToTake Starting
64 silly install generateActionsToTake
65 silly generateActionsToTake Finishing
66 silly diffTrees action count 0
67 silly decomposeActions action count 0
68 silly executeActions Starting
69 silly install executeActions
70 silly doSerial global-install 0
71 silly doParallel fetch 0
72 verbose correctMkdir /Users/Admin/.npm/_locks correctMkdir not in flight; initializing
73 verbose lock using /Users/Admin/.npm/_locks/staging-64927d9ea9df92eb.lock for /Users/Admin/Documents/Projects/SunGate/shop-backend-koa/node_modules/.staging
74 verbose unlock done using /Users/Admin/.npm/_locks/staging-64927d9ea9df92eb.lock for /Users/Admin/Documents/Projects/SunGate/shop-backend-koa/node_modules/.staging
75 silly rollbackFailedOptional Starting
76 silly rollbackFailedOptional Finishing
77 silly runTopLevelLifecycles Starting
78 silly runTopLevelLifecycles Finishing
79 silly install printInstalled
80 warn Koa-RESTful-API@0.0.1 No description
81 warn Koa-RESTful-API@0.0.1 No repository field.
82 warn Koa-RESTful-API@0.0.1 No license field.
83 verbose stack Error: EACCES: permission denied, mkdir '/Users/Admin/Documents/Projects/SunGate/shop-backend-koa/node_modules/.staging'
83 verbose stack     at Error (native)
84 verbose cwd /Users/Admin/Documents/Projects/SunGate/shop-backend-koa
85 error Darwin 16.0.0
86 error argv "/usr/local/bin/node" "/usr/local/bin/npm" "install" "immutable" "-S"
87 error node v6.1.0
88 error npm  v3.8.6
89 error path /Users/Admin/Documents/Projects/SunGate/shop-backend-koa/node_modules/.staging
90 error code EACCES
91 error errno -13
92 error syscall mkdir
93 error Error: EACCES: permission denied, mkdir '/Users/Admin/Documents/Projects/SunGate/shop-backend-koa/node_modules/.staging'
93 error     at Error (native)
93 error  { Error: EACCES: permission denied, mkdir '/Users/Admin/Documents/Projects/SunGate/shop-backend-koa/node_modules/.staging'
93 error     at Error (native)
93 error   errno: -13,
93 error   code: 'EACCES',
93 error   syscall: 'mkdir',
93 error   path: '/Users/Admin/Documents/Projects/SunGate/shop-backend-koa/node_modules/.staging' }
94 error Please try running this command again as root/Administrator.
95 verbose exit [ -13, true ]
